{"level":30,"time":1770406691723,"pid":3684,"hostname":"ARIAOS","WEBHOOK_URL":"http://127.0.0.1/mod/api/whatsapp_ai_webhook.php","msg":"Loaded webhook URL from config.json"}
{"level":30,"time":1770406691744,"pid":3684,"hostname":"ARIAOS","msg":"Baileys WA server listening on port 3100"}
{"level":30,"time":1770406692329,"pid":3684,"hostname":"ARIAOS","update":{"connection":"connecting","receivedPendingNotifications":false},"msg":"connection.update"}
{"level":30,"time":1770406692596,"pid":3684,"hostname":"ARIAOS","browser":["Ubuntu","Chrome","22.04.4"],"helloMsg":{"clientHello":{"ephemeral":"5wB8d1CxtoVkK15p57GiybteL7pim2jNePUoPeqLLxk="}},"msg":"connected to WA"}
{"level":30,"time":1770406692868,"pid":3684,"hostname":"ARIAOS","node":{"username":"6285716314435","passive":false,"userAgent":{"platform":"WEB","appVersion":{"primary":2,"secondary":3000,"tertiary":1032141294},"mcc":"000","mnc":"000","osVersion":"0.1","device":"Desktop","osBuildNumber":"0.1","releaseChannel":"RELEASE","localeLanguageIso6391":"en","localeCountryIso31661Alpha2":"US"},"webInfo":{"webSubPlatform":"WEB_BROWSER"},"connectType":"WIFI_UNKNOWN","connectReason":"USER_ACTIVATED","device":58,"pull":true},"msg":"logging in..."}
{"level":30,"time":1770406694135,"pid":3684,"hostname":"ARIAOS","msg":"handled 0 offline messages/notifications"}
{"level":30,"time":1770406694136,"pid":3684,"hostname":"ARIAOS","msg":"Connection is now AwaitingInitialSync, buffering events"}
{"level":30,"time":1770406694136,"pid":3684,"hostname":"ARIAOS","msg":"History sync is disabled by config, not waiting for notification. Transitioning to Online."}
{"level":30,"time":1770406694136,"pid":3684,"hostname":"ARIAOS","update":{"receivedPendingNotifications":true},"msg":"connection.update"}
{"level":30,"time":1770406694306,"pid":3684,"hostname":"ARIAOS","msg":"29 pre-keys found on server"}
{"level":30,"time":1770406694528,"pid":3684,"hostname":"ARIAOS","msg":"opened connection to WA"}
{"level":30,"time":1770406694537,"pid":3684,"hostname":"ARIAOS","update":{"isOnline":true},"msg":"connection.update"}
{"level":30,"time":1770406694538,"pid":3684,"hostname":"ARIAOS","update":{"connection":"open"},"msg":"connection.update"}
{"level":30,"time":1770406694993,"pid":3684,"hostname":"ARIAOS","msg":"WhatsApp connected"}
{"level":30,"time":1770406962195,"pid":3684,"hostname":"ARIAOS","remoteJid":"54975715635433@lid","senderJid":"54975715635433@lid","messageContent":"Jjj","phoneJid":"6285920001600@s.whatsapp.net","phoneNumber":"6285920001600","msg":"Received message"}
{"level":30,"time":1770406962195,"pid":3684,"hostname":"ARIAOS","webhookPayload":{"type":"message","remoteJid":"6285920001600@s.whatsapp.net","senderJid":"6285920001600@s.whatsapp.net","remoteJidRaw":"54975715635433@lid","senderJidRaw":"54975715635433@lid","phoneJid":"6285920001600@s.whatsapp.net","phoneNumber":"6285920001600","accountJid":"6285716314435@s.whatsapp.net","pushName":"dQoboss","message":"Jjj","fromMe":false,"isGroup":false},"msg":"Sending Webhook Payload"}
{"level":30,"time":1770406982577,"pid":3684,"hostname":"ARIAOS","remoteJid":"54975715635433@lid","reply":"Halo Jjj! 👋 Terima kasih sudah konfirmasinya.\n\nBaik, Jjj — dari produk modular kami, apakah Anda lebih tertarik dengan tipe hunian 1 lantai, 2 lantai, atau mungkin untuk keperluan kantor/mess?\n\nSaya bisa bantu rekomendasi spesifik jika Anda berkenan memberi tahu:\n**Rencana lokasi pembangunannya di kota/mana, Jjj?**  \n(Lokasi membantu saya cek kebutuhan pondasi, akses pengiriman, dan estimasi waktu pemasangan.)","msg":"Sent AI reply"}
{"level":50,"time":1770407807682,"pid":3684,"hostname":"ARIAOS","key":{"remoteJid":"54975715635433@lid","fromMe":false,"id":"ACC581561AB8220B6D167661C81D81E9","senderPn":"6285920001600@s.whatsapp.net"},"err":{"type":"SessionError","message":"No matching sessions found for message","stack":"SessionError: No matching sessions found for message\n    at SessionCipher.decryptWithSessions (C:\\xampp\\htdocs\\mod\\wa-server\\node_modules\\libsignal\\src\\session_cipher.js:161:15)\n    at async 54975715635433.0 [as awaitable] (C:\\xampp\\htdocs\\mod\\wa-server\\node_modules\\libsignal\\src\\session_cipher.js:171:28)\n    at async _asyncQueueExecutor (C:\\xampp\\htdocs\\mod\\wa-server\\node_modules\\libsignal\\src\\queue_job.js:20:29)","name":"SessionError"},"msg":"failed to decrypt message"}
{"level":30,"time":1770407812708,"pid":3684,"hostname":"ARIAOS","msgAttrs":{"from":"54975715635433@lid","type":"text","id":"ACC581561AB8220B6D167661C81D81E9","notify":"dQoboss","sender_pn":"6285920001600@s.whatsapp.net","t":"1770407808"},"retryCount":1,"msg":"sent retry receipt"}
{"level":50,"time":1770407813515,"pid":3684,"hostname":"ARIAOS","key":{"remoteJid":"54975715635433@lid","fromMe":false,"id":"ACC581561AB8220B6D167661C81D81E9","senderPn":"6285920001600@s.whatsapp.net"},"err":{"type":"SessionError","message":"No matching sessions found for message","stack":"SessionError: No matching sessions found for message\n    at SessionCipher.decryptWithSessions (C:\\xampp\\htdocs\\mod\\wa-server\\node_modules\\libsignal\\src\\session_cipher.js:161:15)\n    at async 54975715635433.0 [as awaitable] (C:\\xampp\\htdocs\\mod\\wa-server\\node_modules\\libsignal\\src\\session_cipher.js:171:28)\n    at async _asyncQueueExecutor (C:\\xampp\\htdocs\\mod\\wa-server\\node_modules\\libsignal\\src\\queue_job.js:20:29)","name":"SessionError"},"msg":"failed to decrypt message"}
{"level":30,"time":1770407813522,"pid":3684,"hostname":"ARIAOS","msgAttrs":{"from":"54975715635433@lid","type":"text","id":"ACC581561AB8220B6D167661C81D81E9","notify":"dQoboss","sender_pn":"6285920001600@s.whatsapp.net","t":"1770407814"},"retryCount":2,"msg":"sent retry receipt"}
{"level":40,"time":1770407814075,"pid":3684,"hostname":"ARIAOS","remoteJidRaw":"54975715635433@lid","senderJidRaw":"54975715635433@lid","msg":"LID message without resolved phoneJid"}
{"level":30,"time":1770407814076,"pid":3684,"hostname":"ARIAOS","remoteJid":"54975715635433@lid","senderJid":"54975715635433@lid","messageContent":"Mau tanya","phoneJid":"","phoneNumber":"","msg":"Received message"}
{"level":30,"time":1770407814076,"pid":3684,"hostname":"ARIAOS","webhookPayload":{"type":"message","remoteJid":"54975715635433@lid","senderJid":"54975715635433@lid","remoteJidRaw":"54975715635433@lid","senderJidRaw":"54975715635433@lid","phoneJid":null,"phoneNumber":null,"accountJid":"6285716314435@s.whatsapp.net","pushName":null,"message":"Mau tanya","fromMe":false,"isGroup":false},"msg":"Sending Webhook Payload"}
Closing session: SessionEntry {
  _chains: {
    'Bfym7KpRy9dgLeWaRBp+G7aJ9S8SPRoWdlM5b+FdGoUV': { chainKey: [Object], chainType: 2, messageKeys: {} },
    BZzfcZ1TxfyEDJHZluhFL0CnrUumf6bPWNqBb2S2M1c7: { chainKey: [Object], chainType: 1, messageKeys: {} }
  },
  registrationId: 339662381,
  currentRatchet: {
    ephemeralKeyPair: {
      pubKey: <Buffer 05 9c df 71 9d 53 c5 fc 84 0c 91 d9 96 e8 45 2f 40 a7 ad 4b a6 7f a6 cf 58 da 81 6f 64 b6 33 57 3b>,
      privKey: <Buffer 40 b6 4a 75 03 4f e3 0c 48 e6 60 93 68 05 e9 38 93 fe 5e 93 2b 45 45 13 ba 09 18 37 22 b2 e2 42>
    },
    lastRemoteEphemeralKey: <Buffer 05 fc a6 ec aa 51 cb d7 60 2d e5 9a 44 1a 7e 1b b6 89 f5 2f 12 3d 1a 16 76 53 39 6f e1 5d 1a 85 15>,
    previousCounter: 0,
    rootKey: <Buffer c2 5d 74 c9 82 5a 3f 4f 5d 9d 4b b7 06 be 71 3c 6f 2f 94 56 2e 92 46 03 79 f2 78 1c 5b fb 9e 4f>
  },
  indexInfo: {
    baseKey: <Buffer 05 24 93 c5 77 79 97 4a cf 8e b5 a3 8d 45 bb 74 14 4a 72 2b 39 0b dd d1 b6 b4 ac 21 24 80 2e 7f 4b>,
    baseKeyType: 2,
    closed: -1,
    used: 1770406301984,
    created: 1770406301984,
    remoteIdentityKey: <Buffer 05 f3 9a 14 ce 0d dd 69 f5 25 25 7e 60 22 80 6b 44 e3 46 35 cd b4 c1 9c 72 e6 b2 15 65 da 93 d9 2c>
  }
}
{"level":30,"time":1770407814623,"pid":3684,"hostname":"ARIAOS","remoteJid":"54975715635433@lid","senderJid":"54975715635433@lid","messageContent":"Mau tanya","phoneJid":"6285920001600@s.whatsapp.net","phoneNumber":"6285920001600","msg":"Received message"}
{"level":30,"time":1770407814625,"pid":3684,"hostname":"ARIAOS","webhookPayload":{"type":"message","remoteJid":"6285920001600@s.whatsapp.net","senderJid":"6285920001600@s.whatsapp.net","remoteJidRaw":"54975715635433@lid","senderJidRaw":"54975715635433@lid","phoneJid":"6285920001600@s.whatsapp.net","phoneNumber":"6285920001600","accountJid":"6285716314435@s.whatsapp.net","pushName":"dQoboss","message":"Mau tanya","fromMe":false,"isGroup":false},"msg":"Sending Webhook Payload"}
{"level":30,"time":1770407842458,"pid":3684,"hostname":"ARIAOS","remoteJid":"54975715635433@lid","reply":"Halo Mau tanya! 😊  \nIya, silakan bertanya — saya siap membantu Anda.\n\nAgar bisa memberikan rekomendasi yang paling tepat, **boleh saya tahu rencana lokasi pemasangan rumah modularnya di kota atau daerah mana?**\n\nAtau ada hal spesifik yang ingin Anda tanyakan terkait:\n- Ukuran rumah modular (3x6 m, 2 lantai, custom)\n- Fasilitas tambahan (toilet modular, septictank)\n- Proses pemasangan & pondasi\n- Budget atau penawaran harga\n\nSaya tunggu ya, Mau tanya! 🏡","msg":"Sent AI reply"}
{"level":50,"time":1770408176003,"pid":3684,"hostname":"ARIAOS","key":{"remoteJid":"54975715635433@lid","fromMe":false,"id":"AC9E4449E22E36C171A37A99C5EF2EAF","senderPn":"6285920001600@s.whatsapp.net"},"err":{"type":"SessionError","message":"No matching sessions found for message","stack":"SessionError: No matching sessions found for message\n    at SessionCipher.decryptWithSessions (C:\\xampp\\htdocs\\mod\\wa-server\\node_modules\\libsignal\\src\\session_cipher.js:161:15)\n    at async 54975715635433.0 [as awaitable] (C:\\xampp\\htdocs\\mod\\wa-server\\node_modules\\libsignal\\src\\session_cipher.js:171:28)\n    at async _asyncQueueExecutor (C:\\xampp\\htdocs\\mod\\wa-server\\node_modules\\libsignal\\src\\queue_job.js:20:29)","name":"SessionError"},"msg":"failed to decrypt message"}
{"level":30,"time":1770408181026,"pid":3684,"hostname":"ARIAOS","msgAttrs":{"from":"54975715635433@lid","type":"text","id":"AC9E4449E22E36C171A37A99C5EF2EAF","notify":"dQoboss","sender_pn":"6285920001600@s.whatsapp.net","t":"1770408175"},"retryCount":1,"msg":"sent retry receipt"}
{"level":50,"time":1770408181765,"pid":3684,"hostname":"ARIAOS","key":{"remoteJid":"54975715635433@lid","fromMe":false,"id":"AC9E4449E22E36C171A37A99C5EF2EAF","senderPn":"6285920001600@s.whatsapp.net"},"err":{"type":"SessionError","message":"No matching sessions found for message","stack":"SessionError: No matching sessions found for message\n    at SessionCipher.decryptWithSessions (C:\\xampp\\htdocs\\mod\\wa-server\\node_modules\\libsignal\\src\\session_cipher.js:161:15)\n    at async 54975715635433.0 [as awaitable] (C:\\xampp\\htdocs\\mod\\wa-server\\node_modules\\libsignal\\src\\session_cipher.js:171:28)\n    at async _asyncQueueExecutor (C:\\xampp\\htdocs\\mod\\wa-server\\node_modules\\libsignal\\src\\queue_job.js:20:29)","name":"SessionError"},"msg":"failed to decrypt message"}
{"level":30,"time":1770408181773,"pid":3684,"hostname":"ARIAOS","msgAttrs":{"from":"54975715635433@lid","type":"text","id":"AC9E4449E22E36C171A37A99C5EF2EAF","notify":"dQoboss","sender_pn":"6285920001600@s.whatsapp.net","t":"1770408181"},"retryCount":2,"msg":"sent retry receipt"}
Closing session: SessionEntry {
  _chains: {
    'BSTInjaLpeY1VN4BVINkkFLI8x2IXaS/GkKs3l3cuiNb': { chainKey: [Object], chainType: 2, messageKeys: {} },
    'BU0fj9uYCN+pXi0O7c2adUcZeATxNlwx7cq7TCgsCyMI': { chainKey: [Object], chainType: 1, messageKeys: {} }
  },
  registrationId: 339662381,
  currentRatchet: {
    ephemeralKeyPair: {
      pubKey: <Buffer 05 4d 1f 8f db 98 08 df a9 5e 2d 0e ed cd 9a 75 47 19 78 04 f1 36 5c 31 ed ca bb 4c 28 2c 0b 23 08>,
      privKey: <Buffer 30 b6 f7 76 07 97 59 11 35 d6 e5 e8 41 d4 ac b1 2c 50 9c 6b e1 a8 64 5e 52 d4 13 36 67 f8 68 57>
    },
    lastRemoteEphemeralKey: <Buffer 05 24 c8 9e 36 8b a5 e6 35 54 de 01 54 83 64 90 52 c8 f3 1d 88 5d a4 bf 1a 42 ac de 5d dc ba 23 5b>,
    previousCounter: 0,
    rootKey: <Buffer 32 71 0d 46 f3 8e 5f 7f 04 79 d2 d0 ba a3 19 0f 38 08 09 15 00 8e 36 72 5a 2d 52 c4 08 97 f4 80>
  },
  indexInfo: {
    baseKey: <Buffer 05 12 55 17 03 18 2d 85 8c 97 c7 e9 84 d2 a3 86 83 20 e2 4f f0 c1 20 3f 98 08 5d b0 39 a5 d5 3f 1c>,
    baseKeyType: 2,
    closed: -1,
    used: 1770407814596,
    created: 1770407814595,
    remoteIdentityKey: <Buffer 05 f3 9a 14 ce 0d dd 69 f5 25 25 7e 60 22 80 6b 44 e3 46 35 cd b4 c1 9c 72 e6 b2 15 65 da 93 d9 2c>
  }
}
{"level":30,"time":1770408182658,"pid":3684,"hostname":"ARIAOS","remoteJid":"54975715635433@lid","senderJid":"54975715635433@lid","messageContent":"Iya","phoneJid":"6285920001600@s.whatsapp.net","phoneNumber":"6285920001600","msg":"Received message"}
{"level":30,"time":1770408182658,"pid":3684,"hostname":"ARIAOS","webhookPayload":{"type":"message","remoteJid":"6285920001600@s.whatsapp.net","senderJid":"6285920001600@s.whatsapp.net","remoteJidRaw":"54975715635433@lid","senderJidRaw":"54975715635433@lid","phoneJid":"6285920001600@s.whatsapp.net","phoneNumber":"6285920001600","accountJid":"6285716314435@s.whatsapp.net","pushName":"dQoboss","message":"Iya","fromMe":false,"isGroup":false},"msg":"Sending Webhook Payload"}
{"level":40,"time":1770408182849,"pid":3684,"hostname":"ARIAOS","remoteJidRaw":"54975715635433@lid","senderJidRaw":"54975715635433@lid","msg":"LID message without resolved phoneJid"}
{"level":30,"time":1770408182849,"pid":3684,"hostname":"ARIAOS","remoteJid":"54975715635433@lid","senderJid":"54975715635433@lid","messageContent":"Iya","phoneJid":"","phoneNumber":"","msg":"Received message"}
{"level":30,"time":1770408182849,"pid":3684,"hostname":"ARIAOS","webhookPayload":{"type":"message","remoteJid":"54975715635433@lid","senderJid":"54975715635433@lid","remoteJidRaw":"54975715635433@lid","senderJidRaw":"54975715635433@lid","phoneJid":null,"phoneNumber":null,"accountJid":"6285716314435@s.whatsapp.net","pushName":null,"message":"Iya","fromMe":false,"isGroup":false},"msg":"Sending Webhook Payload"}
{"level":30,"time":1770408202330,"pid":3684,"hostname":"ARIAOS","remoteJid":"54975715635433@lid","reply":"Baik! 😊  \nKalau begitu, saya bantu pandu step-nya ya.\n\n**Pertama, saya perlu tahu:**\n📍 **Di kota atau daerah mana rencana pemasangan rumah modularnya?**  \n(Lokasi penting untuk cek akses pengiriman & kebutuhan pondasi)\n\n**Kedua, dari tipe yang kami punya, apakah Anda tertarik:**\n- Rumah modular 1 lantai (3x6 m)\n- Rumah modular 2 lantai (3x6 m)\n- Atau ada kebutuhan khusus (kantor, mess, custom)?\n\n**Atau mau langsung lihat penawarannya?**  \nSaya bisa kirimkan link katalog dan penawaran harga berdasarkan ukuran yang Anda minati.\n\nTunggu kabarnya ya! 🏡","msg":"Sent AI reply"}
{"level":50,"time":1770408707448,"pid":3684,"hostname":"ARIAOS","key":{"remoteJid":"54975715635433@lid","fromMe":false,"id":"AC62F6A4AB00B7E9BB2D1B173C15DEF6","senderPn":"6285920001600@s.whatsapp.net"},"err":{"type":"SessionError","message":"No matching sessions found for message","stack":"SessionError: No matching sessions found for message\n    at SessionCipher.decryptWithSessions (C:\\xampp\\htdocs\\mod\\wa-server\\node_modules\\libsignal\\src\\session_cipher.js:161:15)\n    at async 54975715635433.0 [as awaitable] (C:\\xampp\\htdocs\\mod\\wa-server\\node_modules\\libsignal\\src\\session_cipher.js:171:28)\n    at async _asyncQueueExecutor (C:\\xampp\\htdocs\\mod\\wa-server\\node_modules\\libsignal\\src\\queue_job.js:20:29)","name":"SessionError"},"msg":"failed to decrypt message"}
{"level":30,"time":1770408712499,"pid":3684,"hostname":"ARIAOS","msgAttrs":{"from":"54975715635433@lid","type":"text","id":"AC62F6A4AB00B7E9BB2D1B173C15DEF6","notify":"dQoboss","sender_pn":"6285920001600@s.whatsapp.net","t":"1770408707"},"retryCount":1,"msg":"sent retry receipt"}
{"level":50,"time":1770408713243,"pid":3684,"hostname":"ARIAOS","key":{"remoteJid":"54975715635433@lid","fromMe":false,"id":"AC62F6A4AB00B7E9BB2D1B173C15DEF6","senderPn":"6285920001600@s.whatsapp.net"},"err":{"type":"SessionError","message":"No matching sessions found for message","stack":"SessionError: No matching sessions found for message\n    at SessionCipher.decryptWithSessions (C:\\xampp\\htdocs\\mod\\wa-server\\node_modules\\libsignal\\src\\session_cipher.js:161:15)\n    at async 54975715635433.0 [as awaitable] (C:\\xampp\\htdocs\\mod\\wa-server\\node_modules\\libsignal\\src\\session_cipher.js:171:28)\n    at async _asyncQueueExecutor (C:\\xampp\\htdocs\\mod\\wa-server\\node_modules\\libsignal\\src\\queue_job.js:20:29)","name":"SessionError"},"msg":"failed to decrypt message"}
{"level":30,"time":1770408713247,"pid":3684,"hostname":"ARIAOS","msgAttrs":{"from":"54975715635433@lid","type":"text","id":"AC62F6A4AB00B7E9BB2D1B173C15DEF6","notify":"dQoboss","sender_pn":"6285920001600@s.whatsapp.net","t":"1770408713"},"retryCount":2,"msg":"sent retry receipt"}
{"level":40,"time":1770408713763,"pid":3684,"hostname":"ARIAOS","remoteJidRaw":"54975715635433@lid","senderJidRaw":"54975715635433@lid","msg":"LID message without resolved phoneJid"}
{"level":30,"time":1770408713764,"pid":3684,"hostname":"ARIAOS","remoteJid":"54975715635433@lid","senderJid":"54975715635433@lid","messageContent":"Oke","phoneJid":"","phoneNumber":"","msg":"Received message"}
{"level":30,"time":1770408713764,"pid":3684,"hostname":"ARIAOS","webhookPayload":{"type":"message","remoteJid":"54975715635433@lid","senderJid":"54975715635433@lid","remoteJidRaw":"54975715635433@lid","senderJidRaw":"54975715635433@lid","phoneJid":null,"phoneNumber":null,"accountJid":"6285716314435@s.whatsapp.net","pushName":null,"message":"Oke","fromMe":false,"isGroup":false},"msg":"Sending Webhook Payload"}
Closing session: SessionEntry {
  _chains: {
    'BSK4l+U0SYOHMkamIPDtSNrUqPOFtb+tUJ7NFlAinFoq': { chainKey: [Object], chainType: 2, messageKeys: {} },
    'Bb6vRXDxapcHux9Dx/iuTXYtQ8Cur/SOuIzTNa+e9w8c': { chainKey: [Object], chainType: 1, messageKeys: {} }
  },
  registrationId: 339662381,
  currentRatchet: {
    ephemeralKeyPair: {
      pubKey: <Buffer 05 be af 45 70 f1 6a 97 07 bb 1f 43 c7 f8 ae 4d 76 2d 43 c0 ae af f4 8e b8 8c d3 35 af 9e f7 0f 1c>,
      privKey: <Buffer 10 db 03 5a 05 a4 f3 2b 7f 85 07 e2 5f 07 72 0f 55 46 33 7f 42 bd 95 0a 73 29 96 e0 c0 f9 e8 62>
    },
    lastRemoteEphemeralKey: <Buffer 05 22 b8 97 e5 34 49 83 87 32 46 a6 20 f0 ed 48 da d4 a8 f3 85 b5 bf ad 50 9e cd 16 50 22 9c 5a 2a>,
    previousCounter: 0,
    rootKey: <Buffer ec 07 45 e6 97 5d e1 25 4a bb e0 89 7c e3 fc c1 a0 2a 25 91 1a 02 2b cd 65 fc 70 a5 19 88 ff ed>
  },
  indexInfo: {
    baseKey: <Buffer 05 8d 74 c0 e4 64 97 c0 91 af 53 fa 93 22 b3 81 ec 1d f1 b9 e7 83 24 b4 b2 13 31 da 5f 47 6e 80 18>,
    baseKeyType: 2,
    closed: -1,
    used: 1770408182641,
    created: 1770408182641,
    remoteIdentityKey: <Buffer 05 f3 9a 14 ce 0d dd 69 f5 25 25 7e 60 22 80 6b 44 e3 46 35 cd b4 c1 9c 72 e6 b2 15 65 da 93 d9 2c>
  }
}
{"level":30,"time":1770408714284,"pid":3684,"hostname":"ARIAOS","remoteJid":"54975715635433@lid","senderJid":"54975715635433@lid","messageContent":"Oke","phoneJid":"6285920001600@s.whatsapp.net","phoneNumber":"6285920001600","msg":"Received message"}
{"level":30,"time":1770408714284,"pid":3684,"hostname":"ARIAOS","webhookPayload":{"type":"message","remoteJid":"6285920001600@s.whatsapp.net","senderJid":"6285920001600@s.whatsapp.net","remoteJidRaw":"54975715635433@lid","senderJidRaw":"54975715635433@lid","phoneJid":"6285920001600@s.whatsapp.net","phoneNumber":"6285920001600","accountJid":"6285716314435@s.whatsapp.net","pushName":"dQoboss","message":"Oke","fromMe":false,"isGroup":false},"msg":"Sending Webhook Payload"}
{"level":30,"time":1770408740878,"pid":3684,"hostname":"ARIAOS","remoteJid":"54975715635433@lid","reply":"Oke, baik! 😊\n\n**Nah, Oke — untuk langsung ke penawaran yang pas, saya butuh 2 info singkat:**\n\n1. **Lokasi pemasangan:** Di kota atau daerah mana rencana bangunnya?  \n   (Contoh: Balikpapan, Surabaya, Jakarta, dll.)\n\n2. **Tipe yang diminati:**  \n   - Rumah modular 1 lantai (3×6 m)  \n   - Rumah modular 2 lantai (3×6 m)  \n   - Atau ukuran khusus?\n\n**Kenapa ini penting?**  \nAgar tim kami bisa langsung cek akses lokasi, hitung kebutuhan pondasi, dan kirim penawaran harga + waktu instalasi yang realistik.\n\nKalau Oke mau lihat dulu contohnya, saya bisa kirimkan link:  \n📄 **Katalog Lengkap** → http://127.0.0.1/mod/penawaran/Katalog_Lengkap_Modular.pdf  \n📄 **Penawaran 2 Lantai** → http://127.0.0.1/mod/penawaran/Penawaran_Rumah_Modular_2_Lantai.pdf\n\nTapi akan lebih tepat jika saya sesuaikan dengan lokasi dan kebutuhan Oke.\n\nGimana, **langsung kita tentukan lokasi dan tipenya, ya?**  \nSaya bantu proses sampai siap pasang! 🏡✨","msg":"Sent AI reply"}
{"level":30,"time":1770410432581,"pid":3684,"hostname":"ARIAOS","trace":"Error: Connection Terminated\n    at WebSocketClient.<anonymous> (file:///C:/xampp/htdocs/mod/wa-server/node_modules/@whiskeysockets/baileys/lib/Socket/socket.js:445:30)\n    at WebSocketClient.emit (node:events:524:28)\n    at WebSocket.<anonymous> (file:///C:/xampp/htdocs/mod/wa-server/node_modules/@whiskeysockets/baileys/lib/Socket/Client/websocket.js:35:54)\n    at WebSocket.emit (node:events:524:28)\n    at WebSocket.emitClose (C:\\xampp\\htdocs\\mod\\wa-server\\node_modules\\ws\\lib\\websocket.js:273:10)\n    at TLSSocket.socketOnClose (C:\\xampp\\htdocs\\mod\\wa-server\\node_modules\\ws\\lib\\websocket.js:1346:15)\n    at TLSSocket.emit (node:events:536:35)\n    at node:net:343:12\n    at TCP.done (node:_tls_wrap:665:7)","msg":"connection errored"}
{"level":30,"time":1770410432583,"pid":3684,"hostname":"ARIAOS","update":{"connection":"close","lastDisconnect":{"error":{"data":null,"isBoom":true,"isServer":false,"output":{"statusCode":428,"payload":{"statusCode":428,"error":"Precondition Required","message":"Connection Terminated"},"headers":{}}},"date":"2026-02-06T20:40:32.583Z"}},"msg":"connection.update"}
{"level":30,"time":1770410432583,"pid":3684,"hostname":"ARIAOS","msg":"WhatsApp disconnected"}
{"level":30,"time":1770410433586,"pid":3684,"hostname":"ARIAOS","msg":"Attempting reconnect after close..."}
{"level":30,"time":1770410434777,"pid":3684,"hostname":"ARIAOS","update":{"connection":"connecting","receivedPendingNotifications":false},"msg":"connection.update"}
{"level":30,"time":1770410435054,"pid":3684,"hostname":"ARIAOS","browser":["Ubuntu","Chrome","22.04.4"],"helloMsg":{"clientHello":{"ephemeral":"cUlBupeTp9nmTbnMANQDeRJx/nhqP3EBjnM0hEfZVEA="}},"msg":"connected to WA"}
{"level":30,"time":1770410435281,"pid":3684,"hostname":"ARIAOS","node":{"username":"6285716314435","passive":false,"userAgent":{"platform":"WEB","appVersion":{"primary":2,"secondary":3000,"tertiary":1032141294},"mcc":"000","mnc":"000","osVersion":"0.1","device":"Desktop","osBuildNumber":"0.1","releaseChannel":"RELEASE","localeLanguageIso6391":"en","localeCountryIso31661Alpha2":"US"},"webInfo":{"webSubPlatform":"WEB_BROWSER"},"connectType":"WIFI_UNKNOWN","connectReason":"USER_ACTIVATED","device":58,"pull":true},"msg":"logging in..."}
{"level":30,"time":1770410435731,"pid":3684,"hostname":"ARIAOS","msg":"handled 0 offline messages/notifications"}
{"level":30,"time":1770410435732,"pid":3684,"hostname":"ARIAOS","msg":"Connection is now AwaitingInitialSync, buffering events"}
{"level":30,"time":1770410435732,"pid":3684,"hostname":"ARIAOS","msg":"History sync is disabled by config, not waiting for notification. Transitioning to Online."}
{"level":30,"time":1770410435732,"pid":3684,"hostname":"ARIAOS","update":{"receivedPendingNotifications":true},"msg":"connection.update"}
{"level":30,"time":1770410435735,"pid":3684,"hostname":"ARIAOS","msg":"28 pre-keys found on server"}
{"level":30,"time":1770410435949,"pid":3684,"hostname":"ARIAOS","msg":"opened connection to WA"}
{"level":30,"time":1770410435953,"pid":3684,"hostname":"ARIAOS","update":{"isOnline":true},"msg":"connection.update"}
{"level":30,"time":1770410435954,"pid":3684,"hostname":"ARIAOS","update":{"connection":"open"},"msg":"connection.update"}
{"level":30,"time":1770410436177,"pid":3684,"hostname":"ARIAOS","msg":"WhatsApp connected"}
{"level":30,"time":1770420151781,"pid":3684,"hostname":"ARIAOS","remoteJid":"status@broadcast","msg":"Read status update"}
{"level":30,"time":1770420570508,"pid":3684,"hostname":"ARIAOS","remoteJid":"status@broadcast","msg":"Read status update"}
{"level":30,"time":1770420572688,"pid":3684,"hostname":"ARIAOS","remoteJid":"status@broadcast","msg":"Read status update"}
{"level":30,"time":1770420573649,"pid":3684,"hostname":"ARIAOS","remoteJid":"status@broadcast","msg":"Read status update"}
{"level":30,"time":1770420574656,"pid":3684,"hostname":"ARIAOS","remoteJid":"status@broadcast","msg":"Read status update"}
{"level":30,"time":1770420576312,"pid":3684,"hostname":"ARIAOS","remoteJid":"status@broadcast","msg":"Read status update"}
{"level":30,"time":1770420578046,"pid":3684,"hostname":"ARIAOS","remoteJid":"status@broadcast","msg":"Read status update"}
{"level":30,"time":1770420578971,"pid":3684,"hostname":"ARIAOS","remoteJid":"status@broadcast","msg":"Read status update"}
{"level":30,"time":1770420580623,"pid":3684,"hostname":"ARIAOS","remoteJid":"status@broadcast","msg":"Read status update"}
{"level":30,"time":1770420582654,"pid":3684,"hostname":"ARIAOS","remoteJid":"status@broadcast","msg":"Read status update"}
{"level":30,"time":1770421635418,"pid":3684,"hostname":"ARIAOS","trace":"Error: Connection Terminated\n    at WebSocketClient.<anonymous> (file:///C:/xampp/htdocs/mod/wa-server/node_modules/@whiskeysockets/baileys/lib/Socket/socket.js:445:30)\n    at WebSocketClient.emit (node:events:524:28)\n    at WebSocket.<anonymous> (file:///C:/xampp/htdocs/mod/wa-server/node_modules/@whiskeysockets/baileys/lib/Socket/Client/websocket.js:35:54)\n    at WebSocket.emit (node:events:524:28)\n    at WebSocket.emitClose (C:\\xampp\\htdocs\\mod\\wa-server\\node_modules\\ws\\lib\\websocket.js:273:10)\n    at Receiver.receiverOnFinish (C:\\xampp\\htdocs\\mod\\wa-server\\node_modules\\ws\\lib\\websocket.js:1214:20)\n    at Receiver.emit (node:events:524:28)\n    at finish (node:internal/streams/writable:955:10)\n    at node:internal/streams/writable:936:13\n    at process.processTicksAndRejections (node:internal/process/task_queues:82:21)","msg":"connection errored"}
{"level":30,"time":1770421635551,"pid":3684,"hostname":"ARIAOS","update":{"connection":"close","lastDisconnect":{"error":{"data":null,"isBoom":true,"isServer":false,"output":{"statusCode":428,"payload":{"statusCode":428,"error":"Precondition Required","message":"Connection Terminated"},"headers":{}}},"date":"2026-02-06T23:47:15.551Z"}},"msg":"connection.update"}
{"level":30,"time":1770421635714,"pid":3684,"hostname":"ARIAOS","msg":"WhatsApp disconnected"}
{"level":30,"time":1770421636757,"pid":3684,"hostname":"ARIAOS","msg":"Attempting reconnect after close..."}
{"level":30,"time":1770421639963,"pid":3684,"hostname":"ARIAOS","update":{"connection":"connecting","receivedPendingNotifications":false},"msg":"connection.update"}
{"level":30,"time":1770421640493,"pid":3684,"hostname":"ARIAOS","browser":["Ubuntu","Chrome","22.04.4"],"helloMsg":{"clientHello":{"ephemeral":"wE5kiK6ULgX++K8uTqnP1cGDo2+TKEoNanvsZh/IADs="}},"msg":"connected to WA"}
{"level":30,"time":1770421641034,"pid":3684,"hostname":"ARIAOS","node":{"username":"6285716314435","passive":false,"userAgent":{"platform":"WEB","appVersion":{"primary":2,"secondary":3000,"tertiary":1032141294},"mcc":"000","mnc":"000","osVersion":"0.1","device":"Desktop","osBuildNumber":"0.1","releaseChannel":"RELEASE","localeLanguageIso6391":"en","localeCountryIso31661Alpha2":"US"},"webInfo":{"webSubPlatform":"WEB_BROWSER"},"connectType":"WIFI_UNKNOWN","connectReason":"USER_ACTIVATED","device":58,"pull":true},"msg":"logging in..."}
{"level":30,"time":1770421641525,"pid":3684,"hostname":"ARIAOS","msg":"handled 0 offline messages/notifications"}
{"level":30,"time":1770421641525,"pid":3684,"hostname":"ARIAOS","msg":"Connection is now AwaitingInitialSync, buffering events"}
{"level":30,"time":1770421641527,"pid":3684,"hostname":"ARIAOS","msg":"History sync is disabled by config, not waiting for notification. Transitioning to Online."}
{"level":30,"time":1770421641527,"pid":3684,"hostname":"ARIAOS","update":{"receivedPendingNotifications":true},"msg":"connection.update"}
{"level":30,"time":1770421641631,"pid":3684,"hostname":"ARIAOS","msg":"27 pre-keys found on server"}
{"level":30,"time":1770421641835,"pid":3684,"hostname":"ARIAOS","msg":"opened connection to WA"}
{"level":30,"time":1770421641873,"pid":3684,"hostname":"ARIAOS","update":{"isOnline":true},"msg":"connection.update"}
{"level":30,"time":1770421641874,"pid":3684,"hostname":"ARIAOS","update":{"connection":"open"},"msg":"connection.update"}
{"level":30,"time":1770421642573,"pid":3684,"hostname":"ARIAOS","msg":"WhatsApp connected"}
{"level":30,"time":1770422941323,"pid":3684,"hostname":"ARIAOS","remoteJid":"status@broadcast","msg":"Read status update"}
{"level":30,"time":1770422961536,"pid":3684,"hostname":"ARIAOS","remoteJid":"130468959772870@lid","senderJid":"130468959772870@lid","messageContent":"Halo","phoneJid":"6281241669731@s.whatsapp.net","phoneNumber":"6281241669731","msg":"Received message"}
{"level":30,"time":1770422961552,"pid":3684,"hostname":"ARIAOS","webhookPayload":{"type":"message","remoteJid":"6281241669731@s.whatsapp.net","senderJid":"6281241669731@s.whatsapp.net","remoteJidRaw":"130468959772870@lid","senderJidRaw":"130468959772870@lid","phoneJid":"6281241669731@s.whatsapp.net","phoneNumber":"6281241669731","accountJid":"6285716314435@s.whatsapp.net","pushName":"ashof Bayu","message":"Halo","fromMe":false,"isGroup":false},"msg":"Sending Webhook Payload"}
{"level":30,"time":1770422983079,"pid":3684,"hostname":"ARIAOS","remoteJid":"130468959772870@lid","reply":"Halo! Selamat datang di PT Prefab Modular Construction Indonesia! Saya siap membantu Anda menemukan solusi hunian modular yang cepat, efisien, dan berkualitas. 😊\n\nApakah ada yang bisa saya bantu? Misalnya, Anda sedang mencari rumah modular untuk hunian, kantor, atau mungkin mess pekerja? Atau mungkin ingin mengetahui lebih lanjut tentang produk-produk kami yang bisa dikirim dan dipasang di seluruh Indonesia?","msg":"Sent AI reply"}
{"level":50,"time":1770423208745,"pid":3684,"hostname":"ARIAOS","key":{"remoteJid":"130468959772870:1@lid","fromMe":false,"id":"3EB03984337048A9CA6089","senderPn":"6281241669731@s.whatsapp.net"},"err":{"type":"SessionError","message":"No session record","stack":"SessionError: No session record\n    at 130468959772870.1 [as awaitable] (C:\\xampp\\htdocs\\mod\\wa-server\\node_modules\\libsignal\\src\\session_cipher.js:169:23)\n    at async _asyncQueueExecutor (C:\\xampp\\htdocs\\mod\\wa-server\\node_modules\\libsignal\\src\\queue_job.js:20:29)","name":"SessionError"},"msg":"failed to decrypt message"}
{"level":30,"time":1770423214025,"pid":3684,"hostname":"ARIAOS","msgAttrs":{"from":"130468959772870:1@lid","type":"text","id":"3EB03984337048A9CA6089","notify":"ashof Bayu","sender_pn":"6281241669731@s.whatsapp.net","t":"1770423208"},"retryCount":1,"msg":"sent retry receipt"}
{"level":50,"time":1770423214567,"pid":3684,"hostname":"ARIAOS","key":{"remoteJid":"130468959772870:1@lid","fromMe":false,"id":"3EB03984337048A9CA6089","senderPn":"6281241669731@s.whatsapp.net"},"err":{"type":"SessionError","message":"No session record","stack":"SessionError: No session record\n    at 130468959772870.1 [as awaitable] (C:\\xampp\\htdocs\\mod\\wa-server\\node_modules\\libsignal\\src\\session_cipher.js:169:23)\n    at async _asyncQueueExecutor (C:\\xampp\\htdocs\\mod\\wa-server\\node_modules\\libsignal\\src\\queue_job.js:20:29)","name":"SessionError"},"msg":"failed to decrypt message"}
{"level":30,"time":1770423214591,"pid":3684,"hostname":"ARIAOS","msgAttrs":{"from":"130468959772870:1@lid","type":"text","id":"3EB03984337048A9CA6089","notify":"ashof Bayu","sender_pn":"6281241669731@s.whatsapp.net","t":"1770423214"},"retryCount":2,"msg":"sent retry receipt"}
{"level":30,"time":1770423215941,"pid":3684,"hostname":"ARIAOS","remoteJid":"130468959772870@lid","senderJid":"130468959772870@lid","messageContent":"saya mau buat office kak","phoneJid":"6281241669731@s.whatsapp.net","phoneNumber":"6281241669731","msg":"Received message"}
{"level":30,"time":1770423215971,"pid":3684,"hostname":"ARIAOS","webhookPayload":{"type":"message","remoteJid":"6281241669731@s.whatsapp.net","senderJid":"6281241669731@s.whatsapp.net","remoteJidRaw":"130468959772870@lid","senderJidRaw":"130468959772870@lid","phoneJid":"6281241669731@s.whatsapp.net","phoneNumber":"6281241669731","accountJid":"6285716314435@s.whatsapp.net","pushName":"ashof Bayu","message":"saya mau buat office kak","fromMe":false,"isGroup":false},"msg":"Sending Webhook Payload"}
{"level":30,"time":1770423239605,"pid":3684,"hostname":"ARIAOS","remoteJid":"130468959772870@lid","reply":"Halo! Senang sekali Anda memilih solusi office modular dari kami. Untuk office, kami punya beberapa pilihan ukuran dan konfigurasi yang sangat cocok, seperti unit 3x6 meter atau custom sesuai kebutuhan.\n\nBoleh saya tahu nama lengkap Bapak/Ibu? 😊\n\nDan, kira-kira office modular ini rencananya akan dipasang di kota mana? Informasi lokasi membantu kami memberikan gambaran pengiriman dan penawaran yang lebih akurat.","msg":"Sent AI reply"}
Closing session: SessionEntry {
  _chains: {
    'BbP9DLNABabrYmrekeDYTWpbMDvQNRxf6/urP3hzjCFr': { chainKey: [Object], chainType: 1, messageKeys: {} }
  },
  registrationId: 5250,
  currentRatchet: {
    ephemeralKeyPair: {
      pubKey: <Buffer 05 b3 fd 0c b3 40 05 a6 eb 62 6a de 91 e0 d8 4d 6a 5b 30 3b d0 35 1c 5f eb fb ab 3f 78 73 8c 21 6b>,
      privKey: <Buffer b8 75 a7 03 93 ae cb 64 96 30 ca 96 fd ab 1f c3 8c 4b 38 42 35 98 8a 29 d4 80 91 c2 db 83 d9 6d>
    },
    lastRemoteEphemeralKey: <Buffer 05 e7 82 79 61 ee c2 8c d2 a6 33 65 23 91 27 8a f3 f9 e1 09 94 b2 90 ec f9 ea 8d ef 81 70 f0 fc 04>,
    previousCounter: 0,
    rootKey: <Buffer 42 10 49 1a 26 52 ea 81 34 69 7c 33 c8 d1 76 ef 48 3f 1f 9a 30 61 0b a4 41 02 2f 76 74 d8 80 c1>
  },
  indexInfo: {
    baseKey: <Buffer 05 13 c1 85 8e eb 78 72 67 75 80 87 4c ec ce d4 64 c3 77 e9 f9 53 d1 14 0c af c1 8c 7d ea df ef 7f>,
    baseKeyType: 1,
    closed: -1,
    used: 1770422982916,
    created: 1770422982916,
    remoteIdentityKey: <Buffer 05 29 ef 7b 1d a7 ca 7f ee 84 65 17 27 b5 26 f3 f7 aa a2 55 95 8e e2 62 cb 17 7a 93 d9 0e ad 3e 1e>
  },
  pendingPreKey: {
    signedKeyId: 1,
    baseKey: <Buffer 05 13 c1 85 8e eb 78 72 67 75 80 87 4c ec ce d4 64 c3 77 e9 f9 53 d1 14 0c af c1 8c 7d ea df ef 7f>,
    preKeyId: 812
  }
}
{"level":30,"time":1770423587179,"pid":3684,"hostname":"ARIAOS","remoteJid":"130468959772870@lid","senderJid":"130468959772870@lid","messageContent":"nama: ashof bayu","phoneJid":"6281241669731@s.whatsapp.net","phoneNumber":"6281241669731","msg":"Received message"}
{"level":30,"time":1770423587179,"pid":3684,"hostname":"ARIAOS","webhookPayload":{"type":"message","remoteJid":"6281241669731@s.whatsapp.net","senderJid":"6281241669731@s.whatsapp.net","remoteJidRaw":"130468959772870@lid","senderJidRaw":"130468959772870@lid","phoneJid":"6281241669731@s.whatsapp.net","phoneNumber":"6281241669731","accountJid":"6285716314435@s.whatsapp.net","pushName":"ashof Bayu","message":"nama: ashof bayu","fromMe":false,"isGroup":false},"msg":"Sending Webhook Payload"}
{"level":30,"time":1770423597781,"pid":3684,"hostname":"ARIAOS","remoteJid":"130468959772870@lid","senderJid":"130468959772870@lid","messageContent":"di kota balikpapan kak","phoneJid":"6281241669731@s.whatsapp.net","phoneNumber":"6281241669731","msg":"Received message"}
{"level":30,"time":1770423597781,"pid":3684,"hostname":"ARIAOS","webhookPayload":{"type":"message","remoteJid":"6281241669731@s.whatsapp.net","senderJid":"6281241669731@s.whatsapp.net","remoteJidRaw":"130468959772870@lid","senderJidRaw":"130468959772870@lid","phoneJid":"6281241669731@s.whatsapp.net","phoneNumber":"6281241669731","accountJid":"6285716314435@s.whatsapp.net","pushName":"ashof Bayu","message":"di kota balikpapan kak","fromMe":false,"isGroup":false},"msg":"Sending Webhook Payload"}
{"level":30,"time":1770423609342,"pid":3684,"hostname":"ARIAOS","remoteJid":"130468959772870@lid","reply":"Baik, terima kasih Pak Ashof! Senang berkenalan dengan Bapak.\n\nUntuk office modular, kami punya solusi yang sangat fleksibel. Ukuran standar yang populer adalah **3x6 meter**, cocok untuk 4-6 workstation. Atau, bisa juga kami buat custom sesuai luas dan layout yang Bapak butuhkan.\n\n**Sebelum saya rekomendasikan penawaran terbaik, boleh tahu rencana lokasi pembangunannya di kota mana, Pak Ashof?** Informasi ini penting untuk kami perhitungkan biaya pengiriman, akses logistik, dan kondisi teknis pemasangan nantinya.\n\nSelain itu, apakah Bapak sudah memiliki gambaran kasar tentang ukuran atau jumlah orang yang akan menggunakan office tersebut?","msg":"Sent AI reply"}
{"level":30,"time":1770423620895,"pid":3684,"hostname":"ARIAOS","remoteJid":"130468959772870@lid","reply":"Halo yang baik Bapak Ashof Bayu! Wah, sungguh kebetulan yang menyenangkan. Kantor dan workshop utama kami juga berada di Balikpapan, Kalimantan Timur. Jadi, untuk proses koordinasi, pengiriman, dan instalasi akan sangat mudah dan cepat. \n\nUntuk keperluan office modular, ukuran standar **3x6 meter** biasanya sangat cocok dan efisien. Struktur menggunakan baja ringan berkualitas tinggi yang anti karat dan tahan gempa, dilengkapi dengan instalasi listrik dasar (MCB, stop kontak, lampu) sehingga bisa langsung digunakan.\n\nSebelum saya sarankan langkah terbaik, boleh saya tahu rencana lokasi pembangunan office modular Bapak Ashof di area mana di Balikpapan? Informasi ini penting untuk memastikan akses dan kondisi lahan yang ideal. \n\nApakah Bapak punya preferensi ukuran tertentu, atau ingin mendiskusikan kebutuhan custom? Saya bisa segera siapkan penawaran resmi untuk Anda.","msg":"Sent AI reply"}
{"level":50,"time":1770423827244,"pid":3684,"hostname":"ARIAOS","key":{"remoteJid":"130468959772870:1@lid","fromMe":false,"id":"3EB00D133BEA2CB2DA7811","senderPn":"6281241669731@s.whatsapp.net"},"err":{"type":"SessionError","message":"No matching sessions found for message","stack":"SessionError: No matching sessions found for message\n    at SessionCipher.decryptWithSessions (C:\\xampp\\htdocs\\mod\\wa-server\\node_modules\\libsignal\\src\\session_cipher.js:161:15)\n    at async 130468959772870.1 [as awaitable] (C:\\xampp\\htdocs\\mod\\wa-server\\node_modules\\libsignal\\src\\session_cipher.js:171:28)\n    at async _asyncQueueExecutor (C:\\xampp\\htdocs\\mod\\wa-server\\node_modules\\libsignal\\src\\queue_job.js:20:29)","name":"SessionError"},"msg":"failed to decrypt message"}
{"level":30,"time":1770423832257,"pid":3684,"hostname":"ARIAOS","msgAttrs":{"from":"130468959772870:1@lid","type":"text","id":"3EB00D133BEA2CB2DA7811","notify":"ashof Bayu","sender_pn":"6281241669731@s.whatsapp.net","t":"1770423827"},"retryCount":1,"msg":"sent retry receipt"}
{"level":50,"time":1770423832800,"pid":3684,"hostname":"ARIAOS","key":{"remoteJid":"130468959772870:1@lid","fromMe":false,"id":"3EB00D133BEA2CB2DA7811","senderPn":"6281241669731@s.whatsapp.net"},"err":{"type":"SessionError","message":"No matching sessions found for message","stack":"SessionError: No matching sessions found for message\n    at SessionCipher.decryptWithSessions (C:\\xampp\\htdocs\\mod\\wa-server\\node_modules\\libsignal\\src\\session_cipher.js:161:15)\n    at async 130468959772870.1 [as awaitable] (C:\\xampp\\htdocs\\mod\\wa-server\\node_modules\\libsignal\\src\\session_cipher.js:171:28)\n    at async _asyncQueueExecutor (C:\\xampp\\htdocs\\mod\\wa-server\\node_modules\\libsignal\\src\\queue_job.js:20:29)","name":"SessionError"},"msg":"failed to decrypt message"}
{"level":30,"time":1770423832831,"pid":3684,"hostname":"ARIAOS","msgAttrs":{"from":"130468959772870:1@lid","type":"text","id":"3EB00D133BEA2CB2DA7811","notify":"ashof Bayu","sender_pn":"6281241669731@s.whatsapp.net","t":"1770423832"},"retryCount":2,"msg":"sent retry receipt"}
Closing session: SessionEntry {
  _chains: {
    'BR0A8NqQi0825baDM+Glrm8wBQdEPNzR/GVVoFJTsXkF': { chainKey: [Object], chainType: 2, messageKeys: {} },
    'BTZbuH6Htj6I612CqppfmzyFmd1xF7ATSp6MU+ENNj08': { chainKey: [Object], chainType: 1, messageKeys: {} }
  },
  registrationId: 5250,
  currentRatchet: {
    ephemeralKeyPair: {
      pubKey: <Buffer 05 36 5b b8 7e 87 b6 3e 88 eb 5d 82 aa 9a 5f 9b 3c 85 99 dd 71 17 b0 13 4a 9e 8c 53 e1 0d 36 3d 3c>,
      privKey: <Buffer 88 27 1d 0d 51 20 4c a5 22 95 9b a2 ec c8 25 63 b8 8a 5f 5b 72 31 36 0b 1f ac 28 7b 9c 01 3d 5d>
    },
    lastRemoteEphemeralKey: <Buffer 05 1d 00 f0 da 90 8b 4f 36 e5 b6 83 33 e1 a5 ae 6f 30 05 07 44 3c dc d1 fc 65 55 a0 52 53 b1 79 05>,
    previousCounter: 0,
    rootKey: <Buffer 92 b7 ee e8 1b 8e 96 11 75 70 c0 42 f5 46 93 b0 11 a4 2d b1 ac 20 19 9b 8b 15 dc 63 7c 84 bf c9>
  },
  indexInfo: {
    baseKey: <Buffer 05 3d 91 d6 2e ac 96 90 78 ab 23 c8 61 9f 61 94 e4 b6 f3 23 4b 15 a9 e3 71 8f 82 7f 28 c8 97 ff 56>,
    baseKeyType: 2,
    closed: -1,
    used: 1770423215925,
    created: 1770423215925,
    remoteIdentityKey: <Buffer 05 29 ef 7b 1d a7 ca 7f ee 84 65 17 27 b5 26 f3 f7 aa a2 55 95 8e e2 62 cb 17 7a 93 d9 0e ad 3e 1e>
  }
}
{"level":30,"time":1770423834302,"pid":3684,"hostname":"ARIAOS","remoteJid":"130468959772870@lid","senderJid":"130468959772870@lid","messageContent":"halo","phoneJid":"6281241669731@s.whatsapp.net","phoneNumber":"6281241669731","msg":"Received message"}
{"level":30,"time":1770423834303,"pid":3684,"hostname":"ARIAOS","webhookPayload":{"type":"message","remoteJid":"6281241669731@s.whatsapp.net","senderJid":"6281241669731@s.whatsapp.net","remoteJidRaw":"130468959772870@lid","senderJidRaw":"130468959772870@lid","phoneJid":"6281241669731@s.whatsapp.net","phoneNumber":"6281241669731","accountJid":"6285716314435@s.whatsapp.net","pushName":"ashof Bayu","message":"halo","fromMe":false,"isGroup":false},"msg":"Sending Webhook Payload"}
{"level":30,"time":1770423860646,"pid":3684,"hostname":"ARIAOS","remoteJid":"130468959772870@lid","reply":"Halo kembali, Pak Ashof! 😊\n\nSenang bisa melanjutkan percakapan kita. Dari pembicaraan sebelumnya, Bapak tertarik dengan office modular untuk di Balikpapan, ya?\n\nSebagai langkah awal, saya bisa mengirimkan **Penawaran Resmi** untuk office modular ukuran standar 3x6 meter, yang sudah termasuk struktur baja ringan, dinding panel, lantai, pintu, jendela, dan instalasi listrik dasar.\n\n**Atau**, jika Bapak punya gambaran ukuran atau kebutuhan khusus (misalnya ruangan meeting terpisah, jumlah toilet, dll), kami juga bisa buatkan penawaran custom.\n\nUntuk memproses penawaran yang akurat, **boleh saya tahu rencana lokasi pembangunannya di area mana tepatnya di Balikpapan, Pak?** (Contoh: dekat Bandara, Gunung Samarinda, atau area lainnya). Informasi ini membantu kami memastikan kelayakan akses dan kondisi lahan.\n\nSetelah itu, saya bisa segera kirimkan penawaran detail via WhatsApp untuk Bapak review. Bagaimana, setuju, Pak Ashof?","msg":"Sent AI reply"}
Closing session: SessionEntry {
  _chains: {
    BQUrFDoZM9NOySzQxnhuwMiYCouXlmBLZpfEJZHeJqIl: { chainKey: [Object], chainType: 1, messageKeys: {} }
  },
  registrationId: 5250,
  currentRatchet: {
    ephemeralKeyPair: {
      pubKey: <Buffer 05 05 2b 14 3a 19 33 d3 4e c9 2c d0 c6 78 6e c0 c8 98 0a 8b 97 96 60 4b 66 97 c4 25 91 de 26 a2 25>,
      privKey: <Buffer a0 87 80 bb a7 7c 7f f0 89 da 20 79 d7 21 a0 a6 ab 91 08 f8 43 a8 2f ba 7e ac 20 f7 fa 59 62 7f>
    },
    lastRemoteEphemeralKey: <Buffer 05 e7 82 79 61 ee c2 8c d2 a6 33 65 23 91 27 8a f3 f9 e1 09 94 b2 90 ec f9 ea 8d ef 81 70 f0 fc 04>,
    previousCounter: 0,
    rootKey: <Buffer 9b cc 25 33 2b e9 ca bb d7 cc b3 a4 e3 e1 cf c1 73 ff 70 08 52 45 77 87 03 8b 57 ac b1 c9 30 ce>
  },
  indexInfo: {
    baseKey: <Buffer 05 64 32 26 18 70 79 e2 33 b4 58 c8 65 26 50 ae 93 14 3b b7 07 cb 39 0c 28 b9 9a a0 c8 95 67 a1 46>,
    baseKeyType: 1,
    closed: -1,
    used: 1770423241348,
    created: 1770423241348,
    remoteIdentityKey: <Buffer 05 29 ef 7b 1d a7 ca 7f ee 84 65 17 27 b5 26 f3 f7 aa a2 55 95 8e e2 62 cb 17 7a 93 d9 0e ad 3e 1e>
  },
  pendingPreKey: {
    signedKeyId: 1,
    baseKey: <Buffer 05 64 32 26 18 70 79 e2 33 b4 58 c8 65 26 50 ae 93 14 3b b7 07 cb 39 0c 28 b9 9a a0 c8 95 67 a1 46>,
    preKeyId: 98
  }
}
{"level":50,"time":1770425728984,"pid":3684,"hostname":"ARIAOS","key":{"remoteJid":"130468959772870@lid","fromMe":false,"id":"3A0D29DC460B0BD2DDF2","senderPn":"6281241669731@s.whatsapp.net"},"err":{"type":"SessionError","message":"No matching sessions found for message","stack":"SessionError: No matching sessions found for message\n    at SessionCipher.decryptWithSessions (C:\\xampp\\htdocs\\mod\\wa-server\\node_modules\\libsignal\\src\\session_cipher.js:161:15)\n    at async 130468959772870.0 [as awaitable] (C:\\xampp\\htdocs\\mod\\wa-server\\node_modules\\libsignal\\src\\session_cipher.js:171:28)\n    at async _asyncQueueExecutor (C:\\xampp\\htdocs\\mod\\wa-server\\node_modules\\libsignal\\src\\queue_job.js:20:29)","name":"SessionError"},"msg":"failed to decrypt message"}
{"level":30,"time":1770425734144,"pid":3684,"hostname":"ARIAOS","msgAttrs":{"from":"130468959772870@lid","type":"text","id":"3A0D29DC460B0BD2DDF2","notify":"ashof Bayu","sender_pn":"6281241669731@s.whatsapp.net","t":"1770425728"},"retryCount":1,"msg":"sent retry receipt"}
{"level":50,"time":1770425734739,"pid":3684,"hostname":"ARIAOS","key":{"remoteJid":"130468959772870@lid","fromMe":false,"id":"3A0D29DC460B0BD2DDF2","senderPn":"6281241669731@s.whatsapp.net"},"err":{"type":"SessionError","message":"No matching sessions found for message","stack":"SessionError: No matching sessions found for message\n    at SessionCipher.decryptWithSessions (C:\\xampp\\htdocs\\mod\\wa-server\\node_modules\\libsignal\\src\\session_cipher.js:161:15)\n    at async 130468959772870.0 [as awaitable] (C:\\xampp\\htdocs\\mod\\wa-server\\node_modules\\libsignal\\src\\session_cipher.js:171:28)\n    at async _asyncQueueExecutor (C:\\xampp\\htdocs\\mod\\wa-server\\node_modules\\libsignal\\src\\queue_job.js:20:29)","name":"SessionError"},"msg":"failed to decrypt message"}
{"level":30,"time":1770425734809,"pid":3684,"hostname":"ARIAOS","msgAttrs":{"from":"130468959772870@lid","type":"text","id":"3A0D29DC460B0BD2DDF2","notify":"ashof Bayu","sender_pn":"6281241669731@s.whatsapp.net","t":"1770425734"},"retryCount":2,"msg":"sent retry receipt"}
{"level":50,"time":1770425735438,"pid":3684,"hostname":"ARIAOS","key":{"remoteJid":"130468959772870@lid","fromMe":false,"id":"3A0D29DC460B0BD2DDF2","senderPn":"6281241669731@s.whatsapp.net"},"err":{"type":"SessionError","message":"No matching sessions found for message","stack":"SessionError: No matching sessions found for message\n    at SessionCipher.decryptWithSessions (C:\\xampp\\htdocs\\mod\\wa-server\\node_modules\\libsignal\\src\\session_cipher.js:161:15)\n    at async 130468959772870.0 [as awaitable] (C:\\xampp\\htdocs\\mod\\wa-server\\node_modules\\libsignal\\src\\session_cipher.js:171:28)\n    at async _asyncQueueExecutor (C:\\xampp\\htdocs\\mod\\wa-server\\node_modules\\libsignal\\src\\queue_job.js:20:29)","name":"SessionError"},"msg":"failed to decrypt message"}
{"level":30,"time":1770425735476,"pid":3684,"hostname":"ARIAOS","msgAttrs":{"from":"130468959772870@lid","type":"text","id":"3A0D29DC460B0BD2DDF2","notify":"ashof Bayu","sender_pn":"6281241669731@s.whatsapp.net","t":"1770425735"},"retryCount":3,"msg":"sent retry receipt"}
Closing session: SessionEntry {
  _chains: {
    'BYlvdx+8KG9vgqavMT/3a1RkOCeuPlxd006VdiHmCH5D': { chainKey: [Object], chainType: 2, messageKeys: {} },
    'Ba/2IayaooKCVGi+ZIJueMHVGJwph0mUs7F9yy6Iq5dy': { chainKey: [Object], chainType: 1, messageKeys: {} }
  },
  registrationId: 40090277,
  currentRatchet: {
    ephemeralKeyPair: {
      pubKey: <Buffer 05 af f6 21 ac 9a a2 82 82 54 68 be 64 82 6e 78 c1 d5 18 9c 29 87 49 94 b3 b1 7d cb 2e 88 ab 97 72>,
      privKey: <Buffer 60 24 3e d6 f5 b2 8b 16 e4 59 ab 39 ff 15 9c f8 78 22 b4 24 26 5d 6f 75 cd af e2 e6 d5 b9 e7 5f>
    },
    lastRemoteEphemeralKey: <Buffer 05 89 6f 77 1f bc 28 6f 6f 82 a6 af 31 3f f7 6b 54 64 38 27 ae 3e 5c 5d d3 4e 95 76 21 e6 08 7e 43>,
    previousCounter: 0,
    rootKey: <Buffer f1 f9 d1 50 04 33 76 06 9f 9c 45 30 c7 ee fb 11 ba 6d 08 73 07 44 d9 af 86 e9 d5 f0 43 27 a0 dc>
  },
  indexInfo: {
    baseKey: <Buffer 05 12 58 9b 44 67 9e 56 00 bf b7 21 fc 70 53 56 0e f0 f9 90 ad dc 56 a1 f5 a8 65 56 0f 37 12 bc 11>,
    baseKeyType: 2,
    closed: -1,
    used: 1770422961441,
    created: 1770422961441,
    remoteIdentityKey: <Buffer 05 25 f0 b9 f8 88 54 7f 10 c7 2b 59 ab 38 12 a3 5d c2 75 37 77 9b b4 08 a1 84 5c bb fe 20 4d 4a 11>
  }
}
{"level":30,"time":1770425737439,"pid":3684,"hostname":"ARIAOS","remoteJid":"130468959772870@lid","senderJid":"130468959772870@lid","messageContent":"Rumah modular itu apa yah","phoneJid":"6281241669731@s.whatsapp.net","phoneNumber":"6281241669731","msg":"Received message"}
{"level":30,"time":1770425737440,"pid":3684,"hostname":"ARIAOS","webhookPayload":{"type":"message","remoteJid":"6281241669731@s.whatsapp.net","senderJid":"6281241669731@s.whatsapp.net","remoteJidRaw":"130468959772870@lid","senderJidRaw":"130468959772870@lid","phoneJid":"6281241669731@s.whatsapp.net","phoneNumber":"6281241669731","accountJid":"6285716314435@s.whatsapp.net","pushName":"ashof Bayu","message":"Rumah modular itu apa yah","fromMe":false,"isGroup":false},"msg":"Sending Webhook Payload"}
{"level":40,"time":1770425749133,"pid":3684,"hostname":"ARIAOS","remoteJidRaw":"130468959772870@lid","senderJidRaw":"130468959772870@lid","msg":"LID message without resolved phoneJid"}
{"level":30,"time":1770425749134,"pid":3684,"hostname":"ARIAOS","remoteJid":"130468959772870@lid","senderJid":"130468959772870@lid","messageContent":"Rumah modular itu apa yah","phoneJid":"","phoneNumber":"","msg":"Received message"}
{"level":30,"time":1770425749134,"pid":3684,"hostname":"ARIAOS","webhookPayload":{"type":"message","remoteJid":"130468959772870@lid","senderJid":"130468959772870@lid","remoteJidRaw":"130468959772870@lid","senderJidRaw":"130468959772870@lid","phoneJid":null,"phoneNumber":null,"accountJid":"6285716314435@s.whatsapp.net","pushName":null,"message":"Rumah modular itu apa yah","fromMe":false,"isGroup":false},"msg":"Sending Webhook Payload"}
{"level":30,"time":1770425770007,"pid":3684,"hostname":"ARIAOS","remoteJid":"130468959772870@lid","reply":"Halo Pak Ashof! \n\nRumah modular adalah bangunan yang dikonstruksi di workshop kami dalam bentuk modul atau bagian-bagian utuh (seperti dinding, lantai, atap yang sudah lengkap dengan instalasi), kemudian dikirim ke lokasi Anda untuk dipasang dengan cepat. \n\n**Keunggulan utama rumah modular kami:**\n✅ **Cepat** – Proses pemasangan hanya hitungan hari\n✅ **Rapih & Berkualitas** – Dibuat di workshop dengan standar kontrol ketat\n✅ **Fleksibel** – Bisa ditambah, dipindah, atau dikembangkan\n✅ **Tahan Gempa** – Struktur baja ringan berkualitas tinggi\n\nUntuk keperluan **office modular** yang Bapak butuhkan, konsepnya sama: ruangan siap pakai, cepat terpasang, dan hemat waktu.\n\nNah, untuk office Bapak di Balikpapan, apakah mau menggunakan **ukuran standar 3x6 meter** atau ingin custom ukuran lain? Sekalian boleh konfirmasi lokasi spesifiknya di area mana di Balikpapan, supaya saya bisa proses penawaran akurat untuk Bapak. \n\nBisa langsung kami kirim penawaran resmi hari ini juga, Pak. Setuju? 😊","msg":"Sent AI reply"}
Closing session: SessionEntry {
  _chains: {
    BeVRmhDaP9oPMwPAQs4sY8ZocTt1pnW1SUXKA6NZY9YR: { chainKey: [Object], chainType: 2, messageKeys: {} },
    'BYL/gQGGG5e1cUT7szjlsAdEjxyZ+Af78h6ps1iGm+Q6': { chainKey: [Object], chainType: 1, messageKeys: {} }
  },
  registrationId: 40090277,
  currentRatchet: {
    ephemeralKeyPair: {
      pubKey: <Buffer 05 82 ff 81 01 86 1b 97 b5 71 44 fb b3 38 e5 b0 07 44 8f 1c 99 f8 07 fb f2 1e a9 b3 58 86 9b e4 3a>,
      privKey: <Buffer b0 7d 59 ff 53 41 60 2a 9e 4d 88 80 3d c0 d5 5e 90 5a 81 31 00 37 e6 7b 52 e8 da b5 0c da 4b 64>
    },
    lastRemoteEphemeralKey: <Buffer 05 e5 51 9a 10 da 3f da 0f 33 03 c0 42 ce 2c 63 c6 68 71 3b 75 a6 75 b5 49 45 ca 03 a3 59 63 d6 11>,
    previousCounter: 0,
    rootKey: <Buffer 63 15 c5 4e 43 70 e2 fd 14 6b 82 36 b0 1c 47 66 ba 04 65 0c 51 1d 14 26 55 00 79 ae f8 42 68 25>
  },
  indexInfo: {
    baseKey: <Buffer 05 e8 04 bc 75 d4 c7 c1 79 34 d8 b9 56 40 a5 3b 90 ff c5 5f 9b 76 2b f3 92 72 b7 7c 46 f0 84 2e 29>,
    baseKeyType: 2,
    closed: -1,
    used: 1770425737395,
    created: 1770425737395,
    remoteIdentityKey: <Buffer 05 25 f0 b9 f8 88 54 7f 10 c7 2b 59 ab 38 12 a3 5d c2 75 37 77 9b b4 08 a1 84 5c bb fe 20 4d 4a 11>
  }
}
{"level":30,"time":1770425802434,"pid":3684,"hostname":"ARIAOS","remoteJid":"130468959772870@lid","senderJid":"130468959772870@lid","messageContent":"Panas ga sih kak dalamnya?","phoneJid":"6281241669731@s.whatsapp.net","phoneNumber":"6281241669731","msg":"Received message"}
{"level":30,"time":1770425802434,"pid":3684,"hostname":"ARIAOS","webhookPayload":{"type":"message","remoteJid":"6281241669731@s.whatsapp.net","senderJid":"6281241669731@s.whatsapp.net","remoteJidRaw":"130468959772870@lid","senderJidRaw":"130468959772870@lid","phoneJid":"6281241669731@s.whatsapp.net","phoneNumber":"6281241669731","accountJid":"6285716314435@s.whatsapp.net","pushName":"ashof Bayu","message":"Panas ga sih kak dalamnya?","fromMe":false,"isGroup":false},"msg":"Sending Webhook Payload"}
{"level":30,"time":1770425830370,"pid":3684,"hostname":"ARIAOS","remoteJid":"130468959772870@lid","reply":"Tidak panas, Pak Ashof! 😊\n\nRumah modular kami didesain dengan **dinding sandwich panel berinsulasi** yang berfungsi sebagai peredam panas. Ada 2 pilihan material insulasi:\n\n1.  **EPS (Styrofoam):** Untuk iklim normal, sudah cukup nyaman.\n2.  **Rockwool:** *Rekomendasi untuk Balikpapan* karena ketahanan panas dan suaranya lebih baik, cocok untuk iklim tropis.\n\nSelain itu, kami menyertakan **jendela aluminium** yang bisa dibuka-tutup untuk sirkulasi udara optimal, sehingga suhu di dalam tetap sejuk.\n\nJadi, untuk office modular Bapak nanti, bisa kami rekomendasikan pakai **panel Rockwool** agar lebih adem dan nyaman untuk bekerja seharian.\n\n**Nah, untuk office Bapak di Balikpapan, apakah kita lanjutkan dengan ukuran standar 3x6 meter yang sudah include panel Rockwool?** \n\nBoleh sekalian konfirmasi lokasi spesifiknya di area mana di Balikpapan, Pak? Setelah itu, saya bisa siapkan **Penawaran Resmi** dengan detail harga dan spesifikasi lengkap untuk Bapak review.\n\nBagaimana, setuju, Pak Ashof?","msg":"Sent AI reply"}
Closing session: SessionEntry {
  _chains: {
    'BbQ1Rvj9kVx23LOuWII+JtD7qH4OOxPJVtvHZKm8VedE': { chainKey: [Object], chainType: 1, messageKeys: {} }
  },
  registrationId: 40090277,
  currentRatchet: {
    ephemeralKeyPair: {
      pubKey: <Buffer 05 b4 35 46 f8 fd 91 5c 76 dc b3 ae 58 82 3e 26 d0 fb a8 7e 0e 3b 13 c9 56 db c7 64 a9 bc 55 e7 44>,
      privKey: <Buffer 40 63 12 df 6f 1f 88 ff 4c 3d 86 3b 80 51 a2 40 dd 1a 93 0f f1 4e af dd 1e 05 29 2d 60 32 06 61>
    },
    lastRemoteEphemeralKey: <Buffer 05 77 7e 9b ef 43 c5 56 5d 6a 9e 3c a0 84 52 a6 6e e5 be 24 9e 7f 00 15 45 7b 5a 1e 20 6e b9 0e 00>,
    previousCounter: 0,
    rootKey: <Buffer b5 5b 05 d8 8f 83 f1 bf 69 97 fe 45 fb 24 7a 8f 10 4f ff e8 83 a3 46 ad bc 79 1f 4f e1 c3 8d 2f>
  },
  indexInfo: {
    baseKey: <Buffer 05 6b 60 71 da f8 e7 bb bd e9 7f 33 15 a9 e9 35 2f 5e f7 eb 49 ea 34 86 c8 f9 25 ab 83 67 04 76 6e>,
    baseKeyType: 1,
    closed: -1,
    used: 1770425770785,
    created: 1770425770785,
    remoteIdentityKey: <Buffer 05 25 f0 b9 f8 88 54 7f 10 c7 2b 59 ab 38 12 a3 5d c2 75 37 77 9b b4 08 a1 84 5c bb fe 20 4d 4a 11>
  },
  pendingPreKey: {
    signedKeyId: 3453732,
    baseKey: <Buffer 05 6b 60 71 da f8 e7 bb bd e9 7f 33 15 a9 e9 35 2f 5e f7 eb 49 ea 34 86 c8 f9 25 ab 83 67 04 76 6e>,
    preKeyId: 69
  }
}
Closing session: SessionEntry {
  _chains: {
    'BYVBO7JdN7j6jTs/sOwSCnnD2L+iG/gWOPFW9XLGQc8h': { chainKey: [Object], chainType: 1, messageKeys: {} }
  },
  registrationId: 40090277,
  currentRatchet: {
    ephemeralKeyPair: {
      pubKey: <Buffer 05 85 41 3b b2 5d 37 b8 fa 8d 3b 3f b0 ec 12 0a 79 c3 d8 bf a2 1b f8 16 38 f1 56 f5 72 c6 41 cf 21>,
      privKey: <Buffer 58 e9 16 ea e1 41 9a 16 76 8d b9 f9 28 e4 51 2f ba ee d0 0f 88 84 f4 96 5e 55 39 70 d5 b0 2e 5d>
    },
    lastRemoteEphemeralKey: <Buffer 05 77 7e 9b ef 43 c5 56 5d 6a 9e 3c a0 84 52 a6 6e e5 be 24 9e 7f 00 15 45 7b 5a 1e 20 6e b9 0e 00>,
    previousCounter: 0,
    rootKey: <Buffer b5 03 4c 29 68 98 1b 06 3e 1f e6 c9 57 02 56 b4 95 06 1d 92 5a e6 7c 91 e8 bc 52 d0 32 ba 1e 6f>
  },
  indexInfo: {
    baseKey: <Buffer 05 41 85 44 c7 5c e4 a3 17 14 3f 37 4b 70 53 c4 77 ba cd 07 91 d0 5b 94 76 a4 d0 38 75 57 7b fb 6a>,
    baseKeyType: 1,
    closed: -1,
    used: 1770425832420,
    created: 1770425832420,
    remoteIdentityKey: <Buffer 05 25 f0 b9 f8 88 54 7f 10 c7 2b 59 ab 38 12 a3 5d c2 75 37 77 9b b4 08 a1 84 5c bb fe 20 4d 4a 11>
  },
  pendingPreKey: {
    signedKeyId: 3453732,
    baseKey: <Buffer 05 41 85 44 c7 5c e4 a3 17 14 3f 37 4b 70 53 c4 77 ba cd 07 91 d0 5b 94 76 a4 d0 38 75 57 7b fb 6a>,
    preKeyId: 23
  }
}
{"level":30,"time":1770426799116,"pid":3684,"hostname":"ARIAOS","remoteJid":"status@broadcast","msg":"Read status update"}
{"level":30,"time":1770426799198,"pid":3684,"hostname":"ARIAOS","remoteJid":"status@broadcast","msg":"Read status update"}
{"level":30,"time":1770426799354,"pid":3684,"hostname":"ARIAOS","remoteJid":"status@broadcast","msg":"Read status update"}
{"level":30,"time":1770426799434,"pid":3684,"hostname":"ARIAOS","remoteJid":"status@broadcast","msg":"Read status update"}
{"level":30,"time":1770426799618,"pid":3684,"hostname":"ARIAOS","remoteJid":"status@broadcast","msg":"Read status update"}
{"level":30,"time":1770426799947,"pid":3684,"hostname":"ARIAOS","remoteJid":"status@broadcast","msg":"Read status update"}
{"level":30,"time":1770430411764,"pid":3684,"hostname":"ARIAOS","remoteJid":"130468959772870@lid","senderJid":"130468959772870@lid","messageContent":"Rumah modular itu apa yah kak","phoneJid":"6281241669731@s.whatsapp.net","phoneNumber":"6281241669731","msg":"Received message"}
{"level":30,"time":1770430411765,"pid":3684,"hostname":"ARIAOS","webhookPayload":{"type":"message","remoteJid":"6281241669731@s.whatsapp.net","senderJid":"6281241669731@s.whatsapp.net","remoteJidRaw":"130468959772870@lid","senderJidRaw":"130468959772870@lid","phoneJid":"6281241669731@s.whatsapp.net","phoneNumber":"6281241669731","accountJid":"6285716314435@s.whatsapp.net","pushName":"ashof Bayu","message":"Rumah modular itu apa yah kak","fromMe":false,"isGroup":false},"msg":"Sending Webhook Payload"}
{"level":30,"time":1770430439790,"pid":3684,"hostname":"ARIAOS","remoteJid":"130468959772870@lid","reply":"Halo Pak Ashof! 😊\n\nRumah modular adalah rumah yang **dibangun per bagian di workshop kami** (struktur, dinding, atap, listrik sudah terpasang rapi), lalu **dikirim dan disatukan di lokasi Bapak dalam waktu singkat** — biasanya hanya beberapa hari saja.\n\n**Analoginya seperti menyusun LEGO dalam skala besar, tetapi hasilnya kokoh dan permanen.**\n\n**Keunggulan utamanya untuk kebutuhan Bapak:**\n- ⏱️ **Cepat siap** — Cocok untuk office yang butuh segera beroperasi\n- 🏗️ **Rapih & terkontrol kualitas** — Dibuat di workshop, minim kesalahan\n- 🌋 **Tahan cuaca & gempa** — Struktur baja ringan dengan panel insulasi\n- 🔄 **Fleksibel** — Bisa ditambah ruangan/dilantai 2 di kemudian hari\n\nUntuk office di Balikpapan, kami sarankan pakai **panel Rockwool** (seperti yang sempat kami bahas) agar lebih adem dan nyaman.\n\n**Nah, untuk percepat proses, apakah Bapak mau saya buatkan penawaran untuk office modular 3x6 meter dengan panel Rockwool?** \n\nLokasi di Balikpapan area mana tepatnya, Pak? Setelah itu saya bisa kirimkan penawaran resmi ke WhatsApp Bapak untuk dipelajari. \n\nBisa langsung kami proses hari ini juga. Setuju, Pak Ashof? 🏢✨","msg":"Sent AI reply"}
Closing session: SessionEntry {
  _chains: {
    'Bcaq46LfNcjmD2+BiFlZiMi230qdXUUrM/RL0Gr2VOUq': { chainKey: [Object], chainType: 1, messageKeys: {} }
  },
  registrationId: 40090277,
  currentRatchet: {
    ephemeralKeyPair: {
      pubKey: <Buffer 05 c6 aa e3 a2 df 35 c8 e6 0f 6f 81 88 59 59 88 c8 b6 df 4a 9d 5d 45 2b 33 f4 4b d0 6a f6 54 e5 2a>,
      privKey: <Buffer 10 26 81 2b d1 8c 13 88 a4 10 00 01 a2 19 4c d9 bb d1 4b 91 bb 95 63 73 6e 35 c9 ca 28 5e b2 59>
    },
    lastRemoteEphemeralKey: <Buffer 05 77 7e 9b ef 43 c5 56 5d 6a 9e 3c a0 84 52 a6 6e e5 be 24 9e 7f 00 15 45 7b 5a 1e 20 6e b9 0e 00>,
    previousCounter: 0,
    rootKey: <Buffer 3e 17 63 c4 88 52 09 29 d4 04 19 3f a0 5f 57 09 fc 89 25 3f 69 95 4c 4c 8e ab f8 c6 27 8f 84 a5>
  },
  indexInfo: {
    baseKey: <Buffer 05 2d 8c d9 03 81 1e 22 9f be c0 51 54 10 c4 cc 53 3c 6a 3e f4 13 0c 72 3e 4e 48 47 a1 60 74 8a 1d>,
    baseKeyType: 1,
    closed: -1,
    used: 1770426001162,
    created: 1770426001162,
    remoteIdentityKey: <Buffer 05 25 f0 b9 f8 88 54 7f 10 c7 2b 59 ab 38 12 a3 5d c2 75 37 77 9b b4 08 a1 84 5c bb fe 20 4d 4a 11>
  },
  pendingPreKey: {
    signedKeyId: 3453732,
    baseKey: <Buffer 05 2d 8c d9 03 81 1e 22 9f be c0 51 54 10 c4 cc 53 3c 6a 3e f4 13 0c 72 3e 4e 48 47 a1 60 74 8a 1d>,
    preKeyId: 745
  }
}
{"level":30,"time":1770430459362,"pid":3684,"hostname":"ARIAOS","remoteJid":"130468959772870@lid","senderJid":"130468959772870@lid","messageContent":"Panas ga kak","phoneJid":"6281241669731@s.whatsapp.net","phoneNumber":"6281241669731","msg":"Received message"}
{"level":30,"time":1770430459363,"pid":3684,"hostname":"ARIAOS","webhookPayload":{"type":"message","remoteJid":"6281241669731@s.whatsapp.net","senderJid":"6281241669731@s.whatsapp.net","remoteJidRaw":"130468959772870@lid","senderJidRaw":"130468959772870@lid","phoneJid":"6281241669731@s.whatsapp.net","phoneNumber":"6281241669731","accountJid":"6285716314435@s.whatsapp.net","pushName":"ashof Bayu","message":"Panas ga kak","fromMe":false,"isGroup":false},"msg":"Sending Webhook Payload"}
{"level":30,"time":1770430482388,"pid":3684,"hostname":"ARIAOS","remoteJid":"130468959772870@lid","reply":"Tidak panas, Pak Ashof! 😊\n\nKami pastikan unit modular kami **nyaman dan sejuk** karena menggunakan:\n✅ **Dinding Sandwich Panel berinsulasi** (pilihan Rockwool untuk Balikpapan sangat disarankan)\n✅ **Sirkulasi udara baik** dengan jendela aluminium yang bisa dibuka-tutup\n✅ **Material premium** yang mengurangi panas masuk\n\nUntuk iklim Balikpapan, **panel Rockwool adalah solusi terbaik** karena insulasi panas dan suaranya lebih unggul.\n\n---\n\n**Nah, untuk segera kami proses penawarannya:**\n📍 **Lokasi di Balikpapan area mana tepatnya, Pak Ashof?** (misal: dekat Bandara, Gunung Samarinda, dll)\n\nSaya siap kirim **Penawaran Resmi 3x6 meter + Panel Rockwool** hari ini juga. Tinggal konfirmasi lokasi, maka semua detail harga & spesifikasi lengkap saya berikan.\n\n**Bisa kami lanjutkan, Pak?** 🏢✨","msg":"Sent AI reply"}
Closing session: SessionEntry {
  _chains: {
    'BUQQwHAK450noVBC/y5jzaXGjwOphAnLgRZUyzuQROto': { chainKey: [Object], chainType: 1, messageKeys: {} }
  },
  registrationId: 40090277,
  currentRatchet: {
    ephemeralKeyPair: {
      pubKey: <Buffer 05 44 10 c0 70 0a e3 9d 27 a1 50 42 ff 2e 63 cd a5 c6 8f 03 a9 84 09 cb 81 16 54 cb 3b 90 44 eb 68>,
      privKey: <Buffer 50 3b 41 0e 86 45 86 e9 20 73 5c e8 fb 69 09 6b 9f 23 03 ba 69 c5 c0 f1 ac 2a a7 dd f8 f3 d0 66>
    },
    lastRemoteEphemeralKey: <Buffer 05 77 7e 9b ef 43 c5 56 5d 6a 9e 3c a0 84 52 a6 6e e5 be 24 9e 7f 00 15 45 7b 5a 1e 20 6e b9 0e 00>,
    previousCounter: 0,
    rootKey: <Buffer 52 9e 70 90 ad 15 e5 66 9a 79 26 18 b0 d3 7f fe 0b 16 4d 5a eb 9b 50 d1 d7 85 06 91 c9 9b 79 7c>
  },
  indexInfo: {
    baseKey: <Buffer 05 c9 0a 41 d2 70 37 da 07 a6 59 e3 9e f8 7e 80 4d e8 2f 65 43 58 92 53 3d 8c ac df e5 37 dd 44 14>,
    baseKeyType: 1,
    closed: -1,
    used: 1770430441637,
    created: 1770430441637,
    remoteIdentityKey: <Buffer 05 25 f0 b9 f8 88 54 7f 10 c7 2b 59 ab 38 12 a3 5d c2 75 37 77 9b b4 08 a1 84 5c bb fe 20 4d 4a 11>
  },
  pendingPreKey: {
    signedKeyId: 3453732,
    baseKey: <Buffer 05 c9 0a 41 d2 70 37 da 07 a6 59 e3 9e f8 7e 80 4d e8 2f 65 43 58 92 53 3d 8c ac df e5 37 dd 44 14>,
    preKeyId: 44
  }
}
Closing session: SessionEntry {
  _chains: {
    'BZFMTsRd5njBvavz79cLt+CRNymq409vBcrluQUgHZEL': { chainKey: [Object], chainType: 1, messageKeys: {} }
  },
  registrationId: 40090277,
  currentRatchet: {
    ephemeralKeyPair: {
      pubKey: <Buffer 05 91 4c 4e c4 5d e6 78 c1 bd ab f3 ef d7 0b b7 e0 91 37 29 aa e3 4f 6f 05 ca e5 b9 05 20 1d 91 0b>,
      privKey: <Buffer 28 7e f1 32 14 d6 98 9e b5 ef c4 7a 6a 7b 23 77 b6 53 09 42 a3 c0 ec 67 0a 16 96 fb db 34 e5 59>
    },
    lastRemoteEphemeralKey: <Buffer 05 77 7e 9b ef 43 c5 56 5d 6a 9e 3c a0 84 52 a6 6e e5 be 24 9e 7f 00 15 45 7b 5a 1e 20 6e b9 0e 00>,
    previousCounter: 0,
    rootKey: <Buffer 1a a6 5a 05 d0 fd 23 5e 2b 26 5a bf fa c1 f8 2b 86 54 92 e7 dd a0 23 19 eb db de f0 f6 1b d0 2b>
  },
  indexInfo: {
    baseKey: <Buffer 05 f2 23 a6 10 77 29 5e c4 61 84 3b da 6c de ef 23 bd 6e 7d 03 c7 ba 70 1d 6d b7 08 da 3c 0b 35 3d>,
    baseKeyType: 1,
    closed: -1,
    used: 1770430484438,
    created: 1770430484438,
    remoteIdentityKey: <Buffer 05 25 f0 b9 f8 88 54 7f 10 c7 2b 59 ab 38 12 a3 5d c2 75 37 77 9b b4 08 a1 84 5c bb fe 20 4d 4a 11>
  },
  pendingPreKey: {
    signedKeyId: 3453732,
    baseKey: <Buffer 05 f2 23 a6 10 77 29 5e c4 61 84 3b da 6c de ef 23 bd 6e 7d 03 c7 ba 70 1d 6d b7 08 da 3c 0b 35 3d>,
    preKeyId: 86
  }
}
