⚠️ The printQRInTerminal option has been deprecated. You will no longer receive QR codes in the terminal automatically. Please listen to the connection.update event yourself and handle the QR your way. You can remove this message by removing this opttion. This message will be removed in a future version.
Failed to decrypt message with any known session...
Session error:Error: Bad MAC Error: Bad MAC
    at Object.verifyMAC (C:\xampp\htdocs\mod\wa-server\node_modules\libsignal\src\crypto.js:87:15)
    at SessionCipher.doDecryptWhisperMessage (C:\xampp\htdocs\mod\wa-server\node_modules\libsignal\src\session_cipher.js:250:16)
    at async SessionCipher.decryptWithSessions (C:\xampp\htdocs\mod\wa-server\node_modules\libsignal\src\session_cipher.js:147:29)
    at async 54975715635433.0 [as awaitable] (C:\xampp\htdocs\mod\wa-server\node_modules\libsignal\src\session_cipher.js:171:28)
    at async _asyncQueueExecutor (C:\xampp\htdocs\mod\wa-server\node_modules\libsignal\src\queue_job.js:20:29)
Failed to decrypt message with any known session...
Session error:Error: Bad MAC Error: Bad MAC
    at Object.verifyMAC (C:\xampp\htdocs\mod\wa-server\node_modules\libsignal\src\crypto.js:87:15)
    at SessionCipher.doDecryptWhisperMessage (C:\xampp\htdocs\mod\wa-server\node_modules\libsignal\src\session_cipher.js:250:16)
    at async SessionCipher.decryptWithSessions (C:\xampp\htdocs\mod\wa-server\node_modules\libsignal\src\session_cipher.js:147:29)
    at async 54975715635433.0 [as awaitable] (C:\xampp\htdocs\mod\wa-server\node_modules\libsignal\src\session_cipher.js:171:28)
    at async _asyncQueueExecutor (C:\xampp\htdocs\mod\wa-server\node_modules\libsignal\src\queue_job.js:20:29)
Closing open session in favor of incoming prekey bundle
Failed to decrypt message with any known session...
Session error:Error: Bad MAC Error: Bad MAC
    at Object.verifyMAC (C:\xampp\htdocs\mod\wa-server\node_modules\libsignal\src\crypto.js:87:15)
    at SessionCipher.doDecryptWhisperMessage (C:\xampp\htdocs\mod\wa-server\node_modules\libsignal\src\session_cipher.js:250:16)
    at async SessionCipher.decryptWithSessions (C:\xampp\htdocs\mod\wa-server\node_modules\libsignal\src\session_cipher.js:147:29)
    at async 54975715635433.0 [as awaitable] (C:\xampp\htdocs\mod\wa-server\node_modules\libsignal\src\session_cipher.js:171:28)
    at async _asyncQueueExecutor (C:\xampp\htdocs\mod\wa-server\node_modules\libsignal\src\queue_job.js:20:29)
Session error:Error: Bad MAC Error: Bad MAC
    at Object.verifyMAC (C:\xampp\htdocs\mod\wa-server\node_modules\libsignal\src\crypto.js:87:15)
    at SessionCipher.doDecryptWhisperMessage (C:\xampp\htdocs\mod\wa-server\node_modules\libsignal\src\session_cipher.js:250:16)
    at async SessionCipher.decryptWithSessions (C:\xampp\htdocs\mod\wa-server\node_modules\libsignal\src\session_cipher.js:147:29)
    at async 54975715635433.0 [as awaitable] (C:\xampp\htdocs\mod\wa-server\node_modules\libsignal\src\session_cipher.js:171:28)
    at async _asyncQueueExecutor (C:\xampp\htdocs\mod\wa-server\node_modules\libsignal\src\queue_job.js:20:29)
Failed to decrypt message with any known session...
Session error:Error: Bad MAC Error: Bad MAC
    at Object.verifyMAC (C:\xampp\htdocs\mod\wa-server\node_modules\libsignal\src\crypto.js:87:15)
    at SessionCipher.doDecryptWhisperMessage (C:\xampp\htdocs\mod\wa-server\node_modules\libsignal\src\session_cipher.js:250:16)
    at async SessionCipher.decryptWithSessions (C:\xampp\htdocs\mod\wa-server\node_modules\libsignal\src\session_cipher.js:147:29)
    at async 54975715635433.0 [as awaitable] (C:\xampp\htdocs\mod\wa-server\node_modules\libsignal\src\session_cipher.js:171:28)
    at async _asyncQueueExecutor (C:\xampp\htdocs\mod\wa-server\node_modules\libsignal\src\queue_job.js:20:29)
Session error:Error: Bad MAC Error: Bad MAC
    at Object.verifyMAC (C:\xampp\htdocs\mod\wa-server\node_modules\libsignal\src\crypto.js:87:15)
    at SessionCipher.doDecryptWhisperMessage (C:\xampp\htdocs\mod\wa-server\node_modules\libsignal\src\session_cipher.js:250:16)
    at async SessionCipher.decryptWithSessions (C:\xampp\htdocs\mod\wa-server\node_modules\libsignal\src\session_cipher.js:147:29)
    at async 54975715635433.0 [as awaitable] (C:\xampp\htdocs\mod\wa-server\node_modules\libsignal\src\session_cipher.js:171:28)
    at async _asyncQueueExecutor (C:\xampp\htdocs\mod\wa-server\node_modules\libsignal\src\queue_job.js:20:29)
Closing open session in favor of incoming prekey bundle
Failed to decrypt message with any known session...
Session error:Error: Bad MAC Error: Bad MAC
    at Object.verifyMAC (C:\xampp\htdocs\mod\wa-server\node_modules\libsignal\src\crypto.js:87:15)
    at SessionCipher.doDecryptWhisperMessage (C:\xampp\htdocs\mod\wa-server\node_modules\libsignal\src\session_cipher.js:250:16)
    at async SessionCipher.decryptWithSessions (C:\xampp\htdocs\mod\wa-server\node_modules\libsignal\src\session_cipher.js:147:29)
    at async 54975715635433.0 [as awaitable] (C:\xampp\htdocs\mod\wa-server\node_modules\libsignal\src\session_cipher.js:171:28)
    at async _asyncQueueExecutor (C:\xampp\htdocs\mod\wa-server\node_modules\libsignal\src\queue_job.js:20:29)
Session error:Error: Bad MAC Error: Bad MAC
    at Object.verifyMAC (C:\xampp\htdocs\mod\wa-server\node_modules\libsignal\src\crypto.js:87:15)
    at SessionCipher.doDecryptWhisperMessage (C:\xampp\htdocs\mod\wa-server\node_modules\libsignal\src\session_cipher.js:250:16)
    at async SessionCipher.decryptWithSessions (C:\xampp\htdocs\mod\wa-server\node_modules\libsignal\src\session_cipher.js:147:29)
    at async 54975715635433.0 [as awaitable] (C:\xampp\htdocs\mod\wa-server\node_modules\libsignal\src\session_cipher.js:171:28)
    at async _asyncQueueExecutor (C:\xampp\htdocs\mod\wa-server\node_modules\libsignal\src\queue_job.js:20:29)
Session error:Error: Bad MAC Error: Bad MAC
    at Object.verifyMAC (C:\xampp\htdocs\mod\wa-server\node_modules\libsignal\src\crypto.js:87:15)
    at SessionCipher.doDecryptWhisperMessage (C:\xampp\htdocs\mod\wa-server\node_modules\libsignal\src\session_cipher.js:250:16)
    at async SessionCipher.decryptWithSessions (C:\xampp\htdocs\mod\wa-server\node_modules\libsignal\src\session_cipher.js:147:29)
    at async 54975715635433.0 [as awaitable] (C:\xampp\htdocs\mod\wa-server\node_modules\libsignal\src\session_cipher.js:171:28)
    at async _asyncQueueExecutor (C:\xampp\htdocs\mod\wa-server\node_modules\libsignal\src\queue_job.js:20:29)
Failed to decrypt message with any known session...
Session error:Error: Bad MAC Error: Bad MAC
    at Object.verifyMAC (C:\xampp\htdocs\mod\wa-server\node_modules\libsignal\src\crypto.js:87:15)
    at SessionCipher.doDecryptWhisperMessage (C:\xampp\htdocs\mod\wa-server\node_modules\libsignal\src\session_cipher.js:250:16)
    at async SessionCipher.decryptWithSessions (C:\xampp\htdocs\mod\wa-server\node_modules\libsignal\src\session_cipher.js:147:29)
    at async 54975715635433.0 [as awaitable] (C:\xampp\htdocs\mod\wa-server\node_modules\libsignal\src\session_cipher.js:171:28)
    at async _asyncQueueExecutor (C:\xampp\htdocs\mod\wa-server\node_modules\libsignal\src\queue_job.js:20:29)
Session error:Error: Bad MAC Error: Bad MAC
    at Object.verifyMAC (C:\xampp\htdocs\mod\wa-server\node_modules\libsignal\src\crypto.js:87:15)
    at SessionCipher.doDecryptWhisperMessage (C:\xampp\htdocs\mod\wa-server\node_modules\libsignal\src\session_cipher.js:250:16)
    at async SessionCipher.decryptWithSessions (C:\xampp\htdocs\mod\wa-server\node_modules\libsignal\src\session_cipher.js:147:29)
    at async 54975715635433.0 [as awaitable] (C:\xampp\htdocs\mod\wa-server\node_modules\libsignal\src\session_cipher.js:171:28)
    at async _asyncQueueExecutor (C:\xampp\htdocs\mod\wa-server\node_modules\libsignal\src\queue_job.js:20:29)
Session error:Error: Bad MAC Error: Bad MAC
    at Object.verifyMAC (C:\xampp\htdocs\mod\wa-server\node_modules\libsignal\src\crypto.js:87:15)
    at SessionCipher.doDecryptWhisperMessage (C:\xampp\htdocs\mod\wa-server\node_modules\libsignal\src\session_cipher.js:250:16)
    at async SessionCipher.decryptWithSessions (C:\xampp\htdocs\mod\wa-server\node_modules\libsignal\src\session_cipher.js:147:29)
    at async 54975715635433.0 [as awaitable] (C:\xampp\htdocs\mod\wa-server\node_modules\libsignal\src\session_cipher.js:171:28)
    at async _asyncQueueExecutor (C:\xampp\htdocs\mod\wa-server\node_modules\libsignal\src\queue_job.js:20:29)
Closing open session in favor of incoming prekey bundle
⚠️ The printQRInTerminal option has been deprecated. You will no longer receive QR codes in the terminal automatically. Please listen to the connection.update event yourself and handle the QR your way. You can remove this message by removing this opttion. This message will be removed in a future version.
⚠️ The printQRInTerminal option has been deprecated. You will no longer receive QR codes in the terminal automatically. Please listen to the connection.update event yourself and handle the QR your way. You can remove this message by removing this opttion. This message will be removed in a future version.
Failed to decrypt message with any known session...
Session error:Error: Bad MAC Error: Bad MAC
    at Object.verifyMAC (C:\xampp\htdocs\mod\wa-server\node_modules\libsignal\src\crypto.js:87:15)
    at SessionCipher.doDecryptWhisperMessage (C:\xampp\htdocs\mod\wa-server\node_modules\libsignal\src\session_cipher.js:250:16)
    at async SessionCipher.decryptWithSessions (C:\xampp\htdocs\mod\wa-server\node_modules\libsignal\src\session_cipher.js:147:29)
    at async 130468959772870.1 [as awaitable] (C:\xampp\htdocs\mod\wa-server\node_modules\libsignal\src\session_cipher.js:171:28)
    at async _asyncQueueExecutor (C:\xampp\htdocs\mod\wa-server\node_modules\libsignal\src\queue_job.js:20:29)
Failed to decrypt message with any known session...
Session error:Error: Bad MAC Error: Bad MAC
    at Object.verifyMAC (C:\xampp\htdocs\mod\wa-server\node_modules\libsignal\src\crypto.js:87:15)
    at SessionCipher.doDecryptWhisperMessage (C:\xampp\htdocs\mod\wa-server\node_modules\libsignal\src\session_cipher.js:250:16)
    at async SessionCipher.decryptWithSessions (C:\xampp\htdocs\mod\wa-server\node_modules\libsignal\src\session_cipher.js:147:29)
    at async 130468959772870.1 [as awaitable] (C:\xampp\htdocs\mod\wa-server\node_modules\libsignal\src\session_cipher.js:171:28)
    at async _asyncQueueExecutor (C:\xampp\htdocs\mod\wa-server\node_modules\libsignal\src\queue_job.js:20:29)
Closing open session in favor of incoming prekey bundle
Failed to decrypt message with any known session...
Session error:Error: Bad MAC Error: Bad MAC
    at Object.verifyMAC (C:\xampp\htdocs\mod\wa-server\node_modules\libsignal\src\crypto.js:87:15)
    at SessionCipher.doDecryptWhisperMessage (C:\xampp\htdocs\mod\wa-server\node_modules\libsignal\src\session_cipher.js:250:16)
    at async SessionCipher.decryptWithSessions (C:\xampp\htdocs\mod\wa-server\node_modules\libsignal\src\session_cipher.js:147:29)
    at async 130468959772870.0 [as awaitable] (C:\xampp\htdocs\mod\wa-server\node_modules\libsignal\src\session_cipher.js:171:28)
    at async _asyncQueueExecutor (C:\xampp\htdocs\mod\wa-server\node_modules\libsignal\src\queue_job.js:20:29)
Failed to decrypt message with any known session...
Session error:Error: Bad MAC Error: Bad MAC
    at Object.verifyMAC (C:\xampp\htdocs\mod\wa-server\node_modules\libsignal\src\crypto.js:87:15)
    at SessionCipher.doDecryptWhisperMessage (C:\xampp\htdocs\mod\wa-server\node_modules\libsignal\src\session_cipher.js:250:16)
    at async SessionCipher.decryptWithSessions (C:\xampp\htdocs\mod\wa-server\node_modules\libsignal\src\session_cipher.js:147:29)
    at async 130468959772870.0 [as awaitable] (C:\xampp\htdocs\mod\wa-server\node_modules\libsignal\src\session_cipher.js:171:28)
    at async _asyncQueueExecutor (C:\xampp\htdocs\mod\wa-server\node_modules\libsignal\src\queue_job.js:20:29)
Failed to decrypt message with any known session...
Session error:Error: Bad MAC Error: Bad MAC
    at Object.verifyMAC (C:\xampp\htdocs\mod\wa-server\node_modules\libsignal\src\crypto.js:87:15)
    at SessionCipher.doDecryptWhisperMessage (C:\xampp\htdocs\mod\wa-server\node_modules\libsignal\src\session_cipher.js:250:16)
    at async SessionCipher.decryptWithSessions (C:\xampp\htdocs\mod\wa-server\node_modules\libsignal\src\session_cipher.js:147:29)
    at async 130468959772870.0 [as awaitable] (C:\xampp\htdocs\mod\wa-server\node_modules\libsignal\src\session_cipher.js:171:28)
    at async _asyncQueueExecutor (C:\xampp\htdocs\mod\wa-server\node_modules\libsignal\src\queue_job.js:20:29)
Closing open session in favor of incoming prekey bundle
